Started GET "/" for 127.0.0.1 at 2021-03-01 13:31:50 -0400
  [1m[35m (5.1ms)[0m  [1m[34mSELECT sqlite_version(*)[0m
  [1m[35m (21.5ms)[0m  [1m[35mCREATE TABLE "schema_migrations" ("version" varchar NOT NULL PRIMARY KEY)[0m
  [1m[35m (6.2ms)[0m  [1m[35mCREATE TABLE "ar_internal_metadata" ("key" varchar NOT NULL PRIMARY KEY, "value" varchar, "created_at" datetime(6) NOT NULL, "updated_at" datetime(6) NOT NULL)[0m
  [1m[35m (0.9ms)[0m  [1m[34mSELECT "schema_migrations"."version" FROM "schema_migrations" ORDER BY "schema_migrations"."version" ASC[0m
  
ActiveRecord::PendingMigrationError (

Migrations are pending. To resolve this issue, run:

        bin/rails db:migrate RAILS_ENV=development

You have 1 pending migration:

20210301172645_create_users.rb


):
  
activerecord (6.1.3) lib/active_record/migration.rb:625:in `check_pending!'
activerecord (6.1.3) lib/active_record/migration.rb:590:in `block (2 levels) in call'
activesupport (6.1.3) lib/active_support/evented_file_update_checker.rb:59:in `execute'
activerecord (6.1.3) lib/active_record/migration.rb:595:in `block in call'
activerecord (6.1.3) lib/active_record/migration.rb:587:in `synchronize'
activerecord (6.1.3) lib/active_record/migration.rb:587:in `call'
actionpack (6.1.3) lib/action_dispatch/middleware/callbacks.rb:27:in `block in call'
activesupport (6.1.3) lib/active_support/callbacks.rb:98:in `run_callbacks'
actionpack (6.1.3) lib/action_dispatch/middleware/callbacks.rb:26:in `call'
actionpack (6.1.3) lib/action_dispatch/middleware/executor.rb:14:in `call'
actionpack (6.1.3) lib/action_dispatch/middleware/actionable_exceptions.rb:18:in `call'
actionpack (6.1.3) lib/action_dispatch/middleware/debug_exceptions.rb:29:in `call'
web-console (4.1.0) lib/web_console/middleware.rb:132:in `call_app'
web-console (4.1.0) lib/web_console/middleware.rb:28:in `block in call'
web-console (4.1.0) lib/web_console/middleware.rb:17:in `catch'
web-console (4.1.0) lib/web_console/middleware.rb:17:in `call'
actionpack (6.1.3) lib/action_dispatch/middleware/show_exceptions.rb:33:in `call'
railties (6.1.3) lib/rails/rack/logger.rb:37:in `call_app'
railties (6.1.3) lib/rails/rack/logger.rb:26:in `block in call'
activesupport (6.1.3) lib/active_support/tagged_logging.rb:99:in `block in tagged'
activesupport (6.1.3) lib/active_support/tagged_logging.rb:37:in `tagged'
activesupport (6.1.3) lib/active_support/tagged_logging.rb:99:in `tagged'
railties (6.1.3) lib/rails/rack/logger.rb:26:in `call'
sprockets-rails (3.2.2) lib/sprockets/rails/quiet_assets.rb:13:in `call'
actionpack (6.1.3) lib/action_dispatch/middleware/remote_ip.rb:81:in `call'
actionpack (6.1.3) lib/action_dispatch/middleware/request_id.rb:26:in `call'
rack (2.2.3) lib/rack/method_override.rb:24:in `call'
rack (2.2.3) lib/rack/runtime.rb:22:in `call'
activesupport (6.1.3) lib/active_support/cache/strategy/local_cache_middleware.rb:29:in `call'
actionpack (6.1.3) lib/action_dispatch/middleware/executor.rb:14:in `call'
actionpack (6.1.3) lib/action_dispatch/middleware/static.rb:24:in `call'
rack (2.2.3) lib/rack/sendfile.rb:110:in `call'
actionpack (6.1.3) lib/action_dispatch/middleware/host_authorization.rb:98:in `call'
rack-mini-profiler (2.3.1) lib/mini_profiler/profiler.rb:373:in `call'
webpacker (5.2.1) lib/webpacker/dev_server_proxy.rb:25:in `perform_request'
rack-proxy (0.6.5) lib/rack/proxy.rb:57:in `call'
railties (6.1.3) lib/rails/engine.rb:539:in `call'
puma (5.2.1) lib/puma/configuration.rb:247:in `call'
puma (5.2.1) lib/puma/request.rb:76:in `block in handle_request'
puma (5.2.1) lib/puma/thread_pool.rb:337:in `with_force_shutdown'
puma (5.2.1) lib/puma/request.rb:75:in `handle_request'
puma (5.2.1) lib/puma/server.rb:431:in `process_client'
puma (5.2.1) lib/puma/thread_pool.rb:145:in `block in spawn_thread'
  [1m[35m (0.7ms)[0m  [1m[34mSELECT sqlite_version(*)[0m
  [1m[35m (0.2ms)[0m  [1m[34mSELECT "schema_migrations"."version" FROM "schema_migrations" ORDER BY "schema_migrations"."version" ASC[0m
Migrating to CreateUsers (20210301172645)
  [1m[36mTRANSACTION (0.2ms)[0m  [1m[36mbegin transaction[0m
  [1m[35m (0.9ms)[0m  [1m[35mCREATE TABLE "users" ("id" integer PRIMARY KEY AUTOINCREMENT NOT NULL, "username" varchar, "email" varchar, "password" varchar, "created_at" datetime(6) NOT NULL, "updated_at" datetime(6) NOT NULL)[0m
  [1m[36mActiveRecord::SchemaMigration Create (0.3ms)[0m  [1m[32mINSERT INTO "schema_migrations" ("version") VALUES (?)[0m  [["version", "20210301172645"]]
  [1m[36mTRANSACTION (17.8ms)[0m  [1m[36mcommit transaction[0m
  [1m[36mActiveRecord::InternalMetadata Load (0.2ms)[0m  [1m[34mSELECT "ar_internal_metadata".* FROM "ar_internal_metadata" WHERE "ar_internal_metadata"."key" = ? LIMIT ?[0m  [["key", "environment"], ["LIMIT", 1]]
  [1m[36mTRANSACTION (0.1ms)[0m  [1m[36mbegin transaction[0m
  [1m[36mActiveRecord::InternalMetadata Create (0.6ms)[0m  [1m[32mINSERT INTO "ar_internal_metadata" ("key", "value", "created_at", "updated_at") VALUES (?, ?, ?, ?)[0m  [["key", "environment"], ["value", "development"], ["created_at", "2021-03-01 17:32:17.264861"], ["updated_at", "2021-03-01 17:32:17.264861"]]
  [1m[36mTRANSACTION (10.7ms)[0m  [1m[36mcommit transaction[0m
  [1m[35m (0.1ms)[0m  [1m[34mSELECT sqlite_version(*)[0m
  [1m[35m (1.0ms)[0m  [1m[34mSELECT "schema_migrations"."version" FROM "schema_migrations" ORDER BY "schema_migrations"."version" ASC[0m
Started GET "/" for 127.0.0.1 at 2021-03-01 13:32:41 -0400
  [1m[35m (1.2ms)[0m  [1m[34mSELECT sqlite_version(*)[0m
  [1m[35m (0.4ms)[0m  [1m[34mSELECT "schema_migrations"."version" FROM "schema_migrations" ORDER BY "schema_migrations"."version" ASC[0m
Processing by Rails::WelcomeController#index as HTML
  Rendering /home/franklin/.rbenv/versions/3.0.0/lib/ruby/gems/3.0.0/gems/railties-6.1.3/lib/rails/templates/rails/welcome/index.html.erb
  Rendered /home/franklin/.rbenv/versions/3.0.0/lib/ruby/gems/3.0.0/gems/railties-6.1.3/lib/rails/templates/rails/welcome/index.html.erb (Duration: 9.1ms | Allocations: 418)
Completed 200 OK in 26ms (Views: 12.3ms | ActiveRecord: 0.0ms | Allocations: 3479)


Started GET "/users/new" for 127.0.0.1 at 2021-03-01 13:32:58 -0400
  
ActionController::RoutingError (No route matches [GET] "/users/new"):
  
Started GET "/users/new" for 127.0.0.1 at 2021-03-01 13:33:45 -0400
Processing by UsersController#new as HTML
  Rendering layout layouts/application.html.erb
  Rendering users/new.html.erb within layouts/application
  Rendered users/new.html.erb within layouts/application (Duration: 0.7ms | Allocations: 100)
[Webpacker] Compiling...
[Webpacker] Compiled all packs in /home/franklin/Desktop/Rails/re-former/public/packs
[Webpacker] Hash: e332c6419728fac579d5
Version: webpack 4.46.0
Time: 3440ms
Built at: 03/01/2021 1:33:51 PM
                                     Asset       Size       Chunks                         Chunk Names
    js/application-f826770d917d8a37c1d8.js    125 KiB  application  [emitted] [immutable]  application
js/application-f826770d917d8a37c1d8.js.map    139 KiB  application  [emitted] [dev]        application
                             manifest.json  364 bytes               [emitted]              
Entrypoint application = js/application-f826770d917d8a37c1d8.js js/application-f826770d917d8a37c1d8.js.map
[./app/javascript/channels sync recursive _channel\.js$] ./app/javascript/channels sync _channel\.js$ 160 bytes {application} [built]
[./app/javascript/channels/index.js] 211 bytes {application} [built]
[./app/javascript/packs/application.js] 492 bytes {application} [built]
[./node_modules/webpack/buildin/module.js] (webpack)/buildin/module.js 552 bytes {application} [built]
    + 3 hidden modules

  Rendered layout layouts/application.html.erb (Duration: 6895.1ms | Allocations: 14358)
Completed 200 OK in 6903ms (Views: 6899.2ms | Allocations: 15587)


Started GET "/" for 127.0.0.1 at 2021-03-01 13:37:33 -0400
  [1m[35m (1.3ms)[0m  [1m[34mSELECT sqlite_version(*)[0m
  [1m[35m (0.4ms)[0m  [1m[34mSELECT "schema_migrations"."version" FROM "schema_migrations" ORDER BY "schema_migrations"."version" ASC[0m
Processing by Rails::WelcomeController#index as HTML
  Rendering /home/franklin/.rbenv/versions/3.0.0/lib/ruby/gems/3.0.0/gems/railties-6.1.3/lib/rails/templates/rails/welcome/index.html.erb
  Rendered /home/franklin/.rbenv/versions/3.0.0/lib/ruby/gems/3.0.0/gems/railties-6.1.3/lib/rails/templates/rails/welcome/index.html.erb (Duration: 10.1ms | Allocations: 418)
Completed 200 OK in 35ms (Views: 16.1ms | ActiveRecord: 0.0ms | Allocations: 3181)


Started GET "/users/new" for 127.0.0.1 at 2021-03-01 13:37:41 -0400
Processing by UsersController#new as HTML
  Rendering layout layouts/application.html.erb
  Rendering users/new.html.erb within layouts/application
  Rendered users/new.html.erb within layouts/application (Duration: 2.4ms | Allocations: 193)
[Webpacker] Everything's up-to-date. Nothing to do
  Rendered layout layouts/application.html.erb (Duration: 40.7ms | Allocations: 5534)
Completed 200 OK in 48ms (Views: 45.5ms | ActiveRecord: 0.0ms | Allocations: 6826)


Started POST "/users" for 127.0.0.1 at 2021-03-01 13:38:09 -0400
Processing by UsersController#create as HTML
  Parameters: {"authenticity_token"=>"[FILTERED]", "user"=>{"username"=>"franklin", "email"=>"franklinbenjamin032@gmail.com", "password"=>"[FILTERED]"}}
No template found for UsersController#create, rendering head :no_content
Completed 204 No Content in 12ms (ActiveRecord: 0.0ms | Allocations: 1615)


Started POST "/users" for 127.0.0.1 at 2021-03-01 13:38:15 -0400
Processing by UsersController#create as HTML
  Parameters: {"authenticity_token"=>"[FILTERED]", "user"=>{"username"=>"franklin", "email"=>"franklinbenjamin032@gmail.com", "password"=>"[FILTERED]"}}
No template found for UsersController#create, rendering head :no_content
Completed 204 No Content in 10ms (ActiveRecord: 0.0ms | Allocations: 331)


Started POST "/users" for 127.0.0.1 at 2021-03-01 13:38:54 -0400
Processing by UsersController#create as HTML
  Parameters: {"authenticity_token"=>"[FILTERED]", "user"=>{"username"=>"franklin", "email"=>"franklinbenjamin032@gmail.com", "password"=>"[FILTERED]"}}
No template found for UsersController#create, rendering head :no_content
Completed 204 No Content in 14ms (ActiveRecord: 0.0ms | Allocations: 326)


Started POST "/users" for 127.0.0.1 at 2021-03-01 13:38:55 -0400
Processing by UsersController#create as HTML
  Parameters: {"authenticity_token"=>"[FILTERED]", "user"=>{"username"=>"franklin", "email"=>"franklinbenjamin032@gmail.com", "password"=>"[FILTERED]"}}
No template found for UsersController#create, rendering head :no_content
Completed 204 No Content in 3ms (ActiveRecord: 0.0ms | Allocations: 326)


Started GET "/users/new" for 127.0.0.1 at 2021-03-01 13:38:56 -0400
Processing by UsersController#new as HTML
  Rendering layout layouts/application.html.erb
  Rendering users/new.html.erb within layouts/application
  Rendered users/new.html.erb within layouts/application (Duration: 0.4ms | Allocations: 68)
[Webpacker] Everything's up-to-date. Nothing to do
  Rendered layout layouts/application.html.erb (Duration: 11.8ms | Allocations: 2918)
Completed 200 OK in 15ms (Views: 13.4ms | ActiveRecord: 0.0ms | Allocations: 3366)


Started GET "/users/new" for 127.0.0.1 at 2021-03-01 13:40:20 -0400
Processing by UsersController#new as HTML
  Rendering layout layouts/application.html.erb
  Rendering users/new.html.erb within layouts/application
  Rendered users/new.html.erb within layouts/application (Duration: 0.5ms | Allocations: 90)
[Webpacker] Everything's up-to-date. Nothing to do
  Rendered layout layouts/application.html.erb (Duration: 12.2ms | Allocations: 2928)
Completed 200 OK in 14ms (Views: 13.1ms | ActiveRecord: 0.0ms | Allocations: 3319)


Started GET "/users/new" for 127.0.0.1 at 2021-03-01 13:45:37 -0400
Processing by UsersController#new as HTML
  [1m[35m (0.2ms)[0m  [1m[34mSELECT sqlite_version(*)[0m
  â†³ app/controllers/users_controller.rb:3:in `new'
  Rendering layout layouts/application.html.erb
  Rendering users/new.html.erb within layouts/application
  Rendered users/new.html.erb within layouts/application (Duration: 0.4ms | Allocations: 76)
[Webpacker] Everything's up-to-date. Nothing to do
  Rendered layout layouts/application.html.erb (Duration: 19.5ms | Allocations: 2956)
Completed 200 OK in 149ms (Views: 23.0ms | ActiveRecord: 2.0ms | Allocations: 8212)


Started POST "/users" for 127.0.0.1 at 2021-03-01 13:45:52 -0400
Processing by UsersController#create as HTML
  Parameters: {"authenticity_token"=>"[FILTERED]", "user"=>{"username"=>"jhedwqdjqwildjqwidqwd", "email"=>"franklinbenjamin032@gmail.com", "password"=>"[FILTERED]"}}
  [1m[36mTRANSACTION (0.1ms)[0m  [1m[36mbegin transaction[0m
  â†³ app/controllers/users_controller.rb:9:in `create'
  [1m[36mUser Create (5.6ms)[0m  [1m[32mINSERT INTO "users" ("username", "email", "password", "created_at", "updated_at") VALUES (?, ?, ?, ?, ?)[0m  [["username", "jhedwqdjqwildjqwidqwd"], ["email", "franklinbenjamin032@gmail.com"], ["password", "Franklinbenjamin23"], ["created_at", "2021-03-01 17:45:52.456838"], ["updated_at", "2021-03-01 17:45:52.456838"]]
  â†³ app/controllers/users_controller.rb:9:in `create'
  [1m[36mTRANSACTION (9.5ms)[0m  [1m[36mcommit transaction[0m
  â†³ app/controllers/users_controller.rb:9:in `create'
Redirected to http://127.0.0.1:3000/users/new
Completed 302 Found in 42ms (ActiveRecord: 15.2ms | Allocations: 5264)


Started GET "/users/new" for 127.0.0.1 at 2021-03-01 13:45:52 -0400
Processing by UsersController#new as HTML
  Rendering layout layouts/application.html.erb
  Rendering users/new.html.erb within layouts/application
  Rendered users/new.html.erb within layouts/application (Duration: 0.5ms | Allocations: 68)
[Webpacker] Everything's up-to-date. Nothing to do
  Rendered layout layouts/application.html.erb (Duration: 11.9ms | Allocations: 2908)
Completed 200 OK in 14ms (Views: 13.1ms | ActiveRecord: 0.0ms | Allocations: 3364)


Started GET "/" for 127.0.0.1 at 2021-03-01 13:47:19 -0400
  [1m[35m (0.8ms)[0m  [1m[34mSELECT sqlite_version(*)[0m
  [1m[35m (0.3ms)[0m  [1m[34mSELECT "schema_migrations"."version" FROM "schema_migrations" ORDER BY "schema_migrations"."version" ASC[0m
Processing by Rails::WelcomeController#index as HTML
  Rendering /home/franklin/.rbenv/versions/3.0.0/lib/ruby/gems/3.0.0/gems/railties-6.1.3/lib/rails/templates/rails/welcome/index.html.erb
  Rendered /home/franklin/.rbenv/versions/3.0.0/lib/ruby/gems/3.0.0/gems/railties-6.1.3/lib/rails/templates/rails/welcome/index.html.erb (Duration: 5.8ms | Allocations: 418)
Completed 200 OK in 22ms (Views: 8.8ms | ActiveRecord: 0.0ms | Allocations: 3183)


Started GET "/users/new" for 127.0.0.1 at 2021-03-01 13:47:33 -0400
Processing by UsersController#new as HTML
  Rendering layout layouts/application.html.erb
  Rendering users/new.html.erb within layouts/application
  Rendered users/new.html.erb within layouts/application (Duration: 1.4ms | Allocations: 193)
[Webpacker] Everything's up-to-date. Nothing to do
  Rendered layout layouts/application.html.erb (Duration: 39.5ms | Allocations: 5534)
Completed 200 OK in 72ms (Views: 47.9ms | ActiveRecord: 1.8ms | Allocations: 10712)


Started POST "/users" for 127.0.0.1 at 2021-03-01 13:47:46 -0400
Processing by UsersController#create as HTML
  Parameters: {"authenticity_token"=>"[FILTERED]", "user"=>{"username"=>"franklin", "email"=>"franklinbenjamin032@gmail.com", "password"=>"[FILTERED]"}}
  [1m[36mTRANSACTION (0.3ms)[0m  [1m[36mbegin transaction[0m
  â†³ app/controllers/users_controller.rb:9:in `create'
  [1m[36mUser Create (0.6ms)[0m  [1m[32mINSERT INTO "users" ("username", "email", "password", "created_at", "updated_at") VALUES (?, ?, ?, ?, ?)[0m  [["username", "franklin"], ["email", "franklinbenjamin032@gmail.com"], ["password", "Franklinbenjamin "], ["created_at", "2021-03-01 17:47:46.550034"], ["updated_at", "2021-03-01 17:47:46.550034"]]
  â†³ app/controllers/users_controller.rb:9:in `create'
  [1m[36mTRANSACTION (25.3ms)[0m  [1m[36mcommit transaction[0m
  â†³ app/controllers/users_controller.rb:9:in `create'
Redirected to http://127.0.0.1:3000/users/new
Completed 302 Found in 60ms (ActiveRecord: 26.2ms | Allocations: 3954)


Started GET "/users/new" for 127.0.0.1 at 2021-03-01 13:47:46 -0400
Processing by UsersController#new as HTML
  Rendering layout layouts/application.html.erb
  Rendering users/new.html.erb within layouts/application
  Rendered users/new.html.erb within layouts/application (Duration: 0.4ms | Allocations: 68)
[Webpacker] Everything's up-to-date. Nothing to do
  Rendered layout layouts/application.html.erb (Duration: 14.3ms | Allocations: 2918)
Completed 200 OK in 19ms (Views: 16.6ms | ActiveRecord: 0.0ms | Allocations: 3381)


Started GET "/users/new" for 127.0.0.1 at 2021-03-01 14:20:05 -0400
  [1m[35m (3.3ms)[0m  [1m[34mSELECT sqlite_version(*)[0m
  [1m[35m (0.3ms)[0m  [1m[34mSELECT "schema_migrations"."version" FROM "schema_migrations" ORDER BY "schema_migrations"."version" ASC[0m
Processing by UsersController#new as HTML
  Rendering layout layouts/application.html.erb
  Rendering users/new.html.erb within layouts/application
  Rendered users/new.html.erb within layouts/application (Duration: 10.1ms | Allocations: 2405)
  Rendered layout layouts/application.html.erb (Duration: 11.2ms | Allocations: 2485)
Completed 500 Internal Server Error in 44ms (ActiveRecord: 0.9ms | Allocations: 9450)


  
ActionView::Template::Error (undefined method `text_field' for nil:NilClass):
    11: 
    12: <%= form_tag users_path do |f| %>
    13:   <%= label_tag(:username, "username:") %>
    14:   <%= f.text_field :username %>
    15:   <%= label_tag(:email, "enter your e-email:") %>
    16:   <%= f.text_field :email %>
    17:   <%= label_tag(:password, "password:") %>
  
app/views/users/new.html.erb:14
app/views/users/new.html.erb:12
Started GET "/" for 127.0.0.1 at 2021-03-01 14:20:28 -0400
Processing by Rails::WelcomeController#index as HTML
  Rendering /home/franklin/.rbenv/versions/3.0.0/lib/ruby/gems/3.0.0/gems/railties-6.1.3/lib/rails/templates/rails/welcome/index.html.erb
  Rendered /home/franklin/.rbenv/versions/3.0.0/lib/ruby/gems/3.0.0/gems/railties-6.1.3/lib/rails/templates/rails/welcome/index.html.erb (Duration: 11.9ms | Allocations: 226)
Completed 200 OK in 19ms (Views: 15.5ms | ActiveRecord: 0.0ms | Allocations: 1129)


Started GET "/user/new" for 127.0.0.1 at 2021-03-01 14:20:36 -0400
  
ActionController::RoutingError (No route matches [GET] "/user/new"):
  
Started GET "/users/new" for 127.0.0.1 at 2021-03-01 14:20:43 -0400
Processing by UsersController#new as HTML
  Rendering layout layouts/application.html.erb
  Rendering users/new.html.erb within layouts/application
  Rendered users/new.html.erb within layouts/application (Duration: 5.9ms | Allocations: 1771)
  Rendered layout layouts/application.html.erb (Duration: 6.6ms | Allocations: 1840)
Completed 500 Internal Server Error in 13ms (ActiveRecord: 0.0ms | Allocations: 3021)


  
ActionView::Template::Error (undefined method `text_field' for nil:NilClass):
    11: 
    12: <%= form_tag users_path do |f| %>
    13:   <%= label_tag(:username, "username:") %>
    14:   <%= f.text_field :username %>
    15:   <%= label_tag(:email, "enter your e-email:") %>
    16:   <%= f.text_field :email %>
    17:   <%= label_tag(:password, "password:") %>
  
app/views/users/new.html.erb:14
app/views/users/new.html.erb:12
Started GET "/users/new" for 127.0.0.1 at 2021-03-01 14:22:18 -0400
Processing by UsersController#new as HTML
  Rendering layout layouts/application.html.erb
  Rendering users/new.html.erb within layouts/application
  Rendered users/new.html.erb within layouts/application (Duration: 4.4ms | Allocations: 1770)
  Rendered layout layouts/application.html.erb (Duration: 5.1ms | Allocations: 1840)
Completed 500 Internal Server Error in 10ms (ActiveRecord: 0.0ms | Allocations: 3037)


  
ActionView::Template::Error (undefined method `text_field_tag' for nil:NilClass):
    11: 
    12: <%= form_tag users_path do |f| %>
    13:   <%= label_tag(:username, "username:") %>
    14:   <%= f.text_field_tag :username %>
    15:   <%= label_tag(:email, "enter your e-email:") %>
    16:   <%= f.text_field_tag :email %>
    17:   <%= label_tag(:password, "password:") %>
  
app/views/users/new.html.erb:14
app/views/users/new.html.erb:12
Started GET "/users/new" for 127.0.0.1 at 2021-03-01 14:29:32 -0400
Processing by UsersController#new as HTML
  Rendering layout layouts/application.html.erb
  Rendering users/new.html.erb within layouts/application
  Rendered users/new.html.erb within layouts/application (Duration: 2.6ms | Allocations: 1254)
  Rendered layout layouts/application.html.erb (Duration: 5.5ms | Allocations: 1325)
Completed 500 Internal Server Error in 13ms (Allocations: 2524)


  
ActionView::SyntaxErrorInTemplate (Encountered a syntax error while rendering template: check # <form action="/users" method="post" accept-charset="UTF-8">
#     <input type="hidden" name="authenticity_token" value="<%= form_authenticity_token %>">
#     <label for="username">Username:</label>
#     <input type="text" id="username" name="user[username]"><br><br>
#     <label for="email">Email:</label>
#     <input type="email" id="email" name="user[email]"><br><br>
#     <label for="password">Password:</label>
#     <input type="password" id="password" name="user[password]"><br><br>
#     <input type="submit" value="Submit">
#   </form>

<%= form_tag users_path %>
  <%= label_tag(:username, "username:") %>
  <%= text_field_tag ':post[username]' %>
  <%= label_tag(:email, "enter your e-email:") %>
  <%= text_field_tag ':post[email]' %>
  <%= label_tag(:password, "password:") %>
  <%= text_field_tag ':post[email]' %>
  <div> <%= submit_tag("Sign up") %> <div>
<% end %>

):
1:    # <form action="/users" method="post" accept-charset="UTF-8">
2:    #     <input type="hidden" name="authenticity_token" value="<%= form_authenticity_token %>">
3:    #     <label for="username">Username:</label>
4:    #     <input type="text" id="username" name="user[username]"><br><br>
5:    #     <label for="email">Email:</label>
6:    #     <input type="email" id="email" name="user[email]"><br><br>
7:    #     <label for="password">Password:</label>
8:    #     <input type="password" id="password" name="user[password]"><br><br>
9:    #     <input type="submit" value="Submit">
10:    #   </form>
11:    
12:    <%= form_tag users_path %>
13:      <%= label_tag(:username, "username:") %>
14:      <%= text_field_tag ':post[username]' %>
15:      <%= label_tag(:email, "enter your e-email:") %>
16:      <%= text_field_tag ':post[email]' %>
17:      <%= label_tag(:password, "password:") %>
18:      <%= text_field_tag ':post[email]' %>
19:      <div> <%= submit_tag("Sign up") %> <div>
20:    <% end %>
  
app/views/users/new.html.erb:22: syntax error, unexpected `end', expecting end-of-input
app/views/users/new.html.erb:22: syntax error, unexpected `end', expecting end-of-input
app/views/users/new.html.erb:22: syntax error, unexpected `end', expecting end-of-input
app/views/users/new.html.erb:22: syntax error, unexpected `end', expecting end-of-input
app/views/users/new.html.erb:22: syntax error, unexpected `end', expecting end-of-input
app/views/users/new.html.erb:22: syntax error, unexpected `end', expecting end-of-input
Started GET "/users/new" for 127.0.0.1 at 2021-03-01 14:30:49 -0400
Processing by UsersController#new as HTML
  Rendering layout layouts/application.html.erb
  Rendering users/new.html.erb within layouts/application
  Rendered users/new.html.erb within layouts/application (Duration: 1.9ms | Allocations: 612)
[Webpacker] Everything's up-to-date. Nothing to do
  Rendered layout layouts/application.html.erb (Duration: 22.0ms | Allocations: 5914)
Completed 200 OK in 27ms (Views: 24.5ms | Allocations: 7138)


Started GET "/users/new" for 127.0.0.1 at 2021-03-01 14:32:38 -0400
Processing by UsersController#new as HTML
  Rendering layout layouts/application.html.erb
  Rendering users/new.html.erb within layouts/application
  Rendered users/new.html.erb within layouts/application (Duration: 1.5ms | Allocations: 480)
[Webpacker] Everything's up-to-date. Nothing to do
  Rendered layout layouts/application.html.erb (Duration: 8.1ms | Allocations: 3544)
Completed 200 OK in 20ms (Views: 13.6ms | Allocations: 4757)


Started GET "/users/new" for 127.0.0.1 at 2021-03-01 14:33:18 -0400
Processing by UsersController#new as HTML
  Rendering layout layouts/application.html.erb
  Rendering users/new.html.erb within layouts/application
  Rendered users/new.html.erb within layouts/application (Duration: 7.4ms | Allocations: 479)
[Webpacker] Everything's up-to-date. Nothing to do
  Rendered layout layouts/application.html.erb (Duration: 31.7ms | Allocations: 3542)
Completed 200 OK in 39ms (Views: 36.2ms | Allocations: 4754)


Started GET "/users/new" for 127.0.0.1 at 2021-03-01 14:34:41 -0400
Processing by UsersController#new as HTML
  Rendering layout layouts/application.html.erb
  Rendering users/new.html.erb within layouts/application
  Rendered users/new.html.erb within layouts/application (Duration: 2.4ms | Allocations: 577)
[Webpacker] Everything's up-to-date. Nothing to do
  Rendered layout layouts/application.html.erb (Duration: 11.9ms | Allocations: 3641)
Completed 200 OK in 26ms (Views: 23.9ms | Allocations: 4853)


Started GET "/users/new" for 127.0.0.1 at 2021-03-01 14:35:33 -0400
Processing by UsersController#new as HTML
  Rendering layout layouts/application.html.erb
  Rendering users/new.html.erb within layouts/application
  Rendered users/new.html.erb within layouts/application (Duration: 2.9ms | Allocations: 576)
[Webpacker] Everything's up-to-date. Nothing to do
  Rendered layout layouts/application.html.erb (Duration: 17.2ms | Allocations: 3652)
Completed 200 OK in 26ms (Views: 24.1ms | Allocations: 4870)


Started GET "/users/new" for 127.0.0.1 at 2021-03-01 14:36:09 -0400
Processing by UsersController#new as HTML
  Rendering layout layouts/application.html.erb
  Rendering users/new.html.erb within layouts/application
  Rendered users/new.html.erb within layouts/application (Duration: 3.4ms | Allocations: 583)
[Webpacker] Everything's up-to-date. Nothing to do
  Rendered layout layouts/application.html.erb (Duration: 17.6ms | Allocations: 3646)
Completed 200 OK in 27ms (Views: 25.4ms | Allocations: 4858)


Started GET "/users/new" for 127.0.0.1 at 2021-03-01 14:38:02 -0400
Processing by UsersController#new as HTML
  Rendering layout layouts/application.html.erb
  Rendering users/new.html.erb within layouts/application
  Rendered users/new.html.erb within layouts/application (Duration: 2.3ms | Allocations: 579)
[Webpacker] Everything's up-to-date. Nothing to do
  Rendered layout layouts/application.html.erb (Duration: 11.5ms | Allocations: 3642)
Completed 200 OK in 23ms (Views: 16.7ms | Allocations: 4854)


Started GET "/users/new" for 127.0.0.1 at 2021-03-01 14:38:09 -0400
Processing by UsersController#new as HTML
  Rendering layout layouts/application.html.erb
  Rendering users/new.html.erb within layouts/application
  Rendered users/new.html.erb within layouts/application (Duration: 0.8ms | Allocations: 298)
[Webpacker] Everything's up-to-date. Nothing to do
  Rendered layout layouts/application.html.erb (Duration: 13.5ms | Allocations: 3134)
Completed 200 OK in 17ms (Views: 15.1ms | Allocations: 3588)


Started POST "/users" for 127.0.0.1 at 2021-03-01 14:38:46 -0400
Processing by UsersController#create as HTML
  Parameters: {"authenticity_token"=>"[FILTERED]", ":post"=>{"username"=>"franklin", "email"=>"franklinbenjamin032@gmail.com"}, "password"=>"[FILTERED]", "commit"=>"Sign up"}
Completed 400 Bad Request in 2ms (Allocations: 728)


  
ActionController::ParameterMissing (param is missing or the value is empty: user
Did you mean?  password
               authenticity_token
               controller
               action):
  
app/controllers/users_controller.rb:24:in `user_params'
app/controllers/users_controller.rb:7:in `create'
Started POST "/users" for 127.0.0.1 at 2021-03-01 14:40:17 -0400
Processing by UsersController#create as HTML
  Parameters: {"authenticity_token"=>"[FILTERED]", ":post"=>{"username"=>"franklin", "email"=>"franklinbenjamin032@gmail.com"}, "password"=>"[FILTERED]", "commit"=>"Sign up"}
Completed 400 Bad Request in 1ms (Allocations: 658)


  
ActionController::ParameterMissing (param is missing or the value is empty: user
Did you mean?  password
               authenticity_token
               controller
               action):
  
app/controllers/users_controller.rb:24:in `user_params'
app/controllers/users_controller.rb:7:in `create'
Started GET "/users/new" for 127.0.0.1 at 2021-03-01 14:40:38 -0400
Processing by UsersController#new as HTML
  Rendering layout layouts/application.html.erb
  Rendering users/new.html.erb within layouts/application
  Rendered users/new.html.erb within layouts/application (Duration: 2.3ms | Allocations: 533)
[Webpacker] Everything's up-to-date. Nothing to do
  Rendered layout layouts/application.html.erb (Duration: 19.2ms | Allocations: 3608)
Completed 200 OK in 29ms (Views: 23.3ms | Allocations: 4824)


Started POST "/users" for 127.0.0.1 at 2021-03-01 14:41:08 -0400
Processing by UsersController#create as HTML
  Parameters: {"authenticity_token"=>"[FILTERED]", ":post"=>{"username"=>"franklin", "email"=>"franklinbenjamin032fs"}, "password"=>"[FILTERED]", "commit"=>"Sign up"}
Completed 400 Bad Request in 3ms (Allocations: 658)


  
ActionController::ParameterMissing (param is missing or the value is empty: user
Did you mean?  password
               authenticity_token
               controller
               action):
  
app/controllers/users_controller.rb:24:in `user_params'
app/controllers/users_controller.rb:7:in `create'
Started GET "/users/new" for 127.0.0.1 at 2021-03-01 14:42:00 -0400
Processing by UsersController#new as HTML
  Rendering layout layouts/application.html.erb
  Rendering users/new.html.erb within layouts/application
  Rendered users/new.html.erb within layouts/application (Duration: 4.2ms | Allocations: 535)
[Webpacker] Everything's up-to-date. Nothing to do
  Rendered layout layouts/application.html.erb (Duration: 17.9ms | Allocations: 3610)
Completed 200 OK in 29ms (Views: 26.4ms | Allocations: 4827)


Started POST "/users" for 127.0.0.1 at 2021-03-01 14:42:06 -0400
Processing by UsersController#create as HTML
  Parameters: {"authenticity_token"=>"[FILTERED]", ":user"=>{"username"=>"franklin", "email"=>"franklinbenjamin032fs"}, "password"=>"[FILTERED]", "commit"=>"Sign up"}
Completed 400 Bad Request in 2ms (Allocations: 658)


  
ActionController::ParameterMissing (param is missing or the value is empty: user
Did you mean?  :user
               password
               authenticity_token
               controller):
  
app/controllers/users_controller.rb:24:in `user_params'
app/controllers/users_controller.rb:7:in `create'
Started GET "/users/new" for 127.0.0.1 at 2021-03-01 14:43:21 -0400
Processing by UsersController#new as HTML
  Rendering layout layouts/application.html.erb
  Rendering users/new.html.erb within layouts/application
  Rendered users/new.html.erb within layouts/application (Duration: 0.7ms | Allocations: 170)
[Webpacker] Everything's up-to-date. Nothing to do
  Rendered layout layouts/application.html.erb (Duration: 21.2ms | Allocations: 3252)
Completed 200 OK in 27ms (Views: 24.6ms | Allocations: 4470)


Started POST "/users" for 127.0.0.1 at 2021-03-01 14:43:51 -0400
Processing by UsersController#create as HTML
  Parameters: {"authenticity_token"=>"[FILTERED]", "user"=>{"username"=>"franklin", "email"=>"franklinbenjamin@gmial.com", "password"=>"[FILTERED]"}}
  [1m[35m (0.2ms)[0m  [1m[34mSELECT sqlite_version(*)[0m
  â†³ app/controllers/users_controller.rb:9:in `create'
  [1m[36mTRANSACTION (0.1ms)[0m  [1m[36mbegin transaction[0m
  â†³ app/controllers/users_controller.rb:9:in `create'
  [1m[36mUser Create (0.5ms)[0m  [1m[32mINSERT INTO "users" ("username", "email", "password", "created_at", "updated_at") VALUES (?, ?, ?, ?, ?)[0m  [["username", "franklin"], ["email", "franklinbenjamin@gmial.com"], ["password", "bFcJ4WiF58xfAk6"], ["created_at", "2021-03-01 18:43:51.240869"], ["updated_at", "2021-03-01 18:43:51.240869"]]
  â†³ app/controllers/users_controller.rb:9:in `create'
  [1m[36mTRANSACTION (31.3ms)[0m  [1m[36mcommit transaction[0m
  â†³ app/controllers/users_controller.rb:9:in `create'
Redirected to http://127.0.0.1:3000/users/new
Completed 302 Found in 50ms (ActiveRecord: 32.4ms | Allocations: 5812)


Started GET "/users/new" for 127.0.0.1 at 2021-03-01 14:43:51 -0400
Processing by UsersController#new as HTML
  Rendering layout layouts/application.html.erb
  Rendering users/new.html.erb within layouts/application
  Rendered users/new.html.erb within layouts/application (Duration: 1.5ms | Allocations: 68)
[Webpacker] Everything's up-to-date. Nothing to do
  Rendered layout layouts/application.html.erb (Duration: 22.2ms | Allocations: 2916)
Completed 200 OK in 27ms (Views: 26.0ms | ActiveRecord: 0.0ms | Allocations: 3373)


Started GET "/users/new" for 127.0.0.1 at 2021-03-01 14:44:30 -0400
Processing by UsersController#new as HTML
  Rendering layout layouts/application.html.erb
  Rendering users/new.html.erb within layouts/application
  Rendered users/new.html.erb within layouts/application (Duration: 5.3ms | Allocations: 590)
[Webpacker] Everything's up-to-date. Nothing to do
  Rendered layout layouts/application.html.erb (Duration: 15.2ms | Allocations: 3663)
Completed 200 OK in 27ms (Views: 25.3ms | ActiveRecord: 0.0ms | Allocations: 4883)


Started POST "/users" for 127.0.0.1 at 2021-03-01 14:44:44 -0400
Processing by UsersController#create as HTML
  Parameters: {"authenticity_token"=>"[FILTERED]", ":user"=>{"username"=>"lndnfnfasaf", "email"=>"franklinbenjamin@gmail.com"}, "password"=>"[FILTERED]", "commit"=>"Sign up"}
Completed 400 Bad Request in 1ms (ActiveRecord: 0.0ms | Allocations: 659)


  
ActionController::ParameterMissing (param is missing or the value is empty: user
Did you mean?  :user
               password
               authenticity_token
               controller):
  
app/controllers/users_controller.rb:24:in `user_params'
app/controllers/users_controller.rb:7:in `create'
Started GET "/users/new" for 127.0.0.1 at 2021-03-01 14:44:50 -0400
Processing by UsersController#new as HTML
  Rendering layout layouts/application.html.erb
  Rendering users/new.html.erb within layouts/application
  Rendered users/new.html.erb within layouts/application (Duration: 2.7ms | Allocations: 298)
[Webpacker] Everything's up-to-date. Nothing to do
  Rendered layout layouts/application.html.erb (Duration: 11.9ms | Allocations: 3143)
Completed 200 OK in 20ms (Views: 16.5ms | ActiveRecord: 0.0ms | Allocations: 3600)


Started GET "/users/new" for 127.0.0.1 at 2021-03-01 14:45:55 -0400
Processing by UsersController#new as HTML
  Rendering layout layouts/application.html.erb
  Rendering users/new.html.erb within layouts/application
  Rendered users/new.html.erb within layouts/application (Duration: 31.6ms | Allocations: 4311)
  Rendered layout layouts/application.html.erb (Duration: 32.3ms | Allocations: 4380)
Completed 500 Internal Server Error in 36ms (ActiveRecord: 0.0ms | Allocations: 5564)


  
ActionView::Template::Error (undefined local variable or method `posts_path' for #<ActionView::Base:0x0000000000b130>):
    10: #     <input type="submit" value="Submit">
    11: #   </form>
    12: 
    13:   <%= form_tag posts_path do %>
    14:     <%= label_tag(:username, "username:") %>
    15:     <%= text_field_tag ':post[username]' %> <br><br>
    16:     <%= label_tag(:email, "enter your e-email:") %>
  
app/views/users/new.html.erb:13
Started GET "/users/new" for 127.0.0.1 at 2021-03-01 14:46:18 -0400
Processing by UsersController#new as HTML
  Rendering layout layouts/application.html.erb
  Rendering users/new.html.erb within layouts/application
  Rendered users/new.html.erb within layouts/application (Duration: 4.4ms | Allocations: 583)
[Webpacker] Everything's up-to-date. Nothing to do
  Rendered layout layouts/application.html.erb (Duration: 22.0ms | Allocations: 3657)
Completed 200 OK in 41ms (Views: 38.7ms | ActiveRecord: 0.0ms | Allocations: 4882)


Started GET "/users/new" for 127.0.0.1 at 2021-03-01 14:46:29 -0400
Processing by UsersController#new as HTML
  Rendering layout layouts/application.html.erb
  Rendering users/new.html.erb within layouts/application
  Rendered users/new.html.erb within layouts/application (Duration: 2.2ms | Allocations: 999)
[Webpacker] Everything's up-to-date. Nothing to do
  Rendered layout layouts/application.html.erb (Duration: 20.7ms | Allocations: 4062)
Completed 200 OK in 26ms (Views: 23.3ms | ActiveRecord: 0.0ms | Allocations: 5277)


Started POST "/users/new" for 127.0.0.1 at 2021-03-01 14:46:45 -0400
  
ActionController::RoutingError (No route matches [POST] "/users/new"):
  
Started GET "/users/new" for 127.0.0.1 at 2021-03-01 14:47:07 -0400
Processing by UsersController#new as HTML
  Rendering layout layouts/application.html.erb
  Rendering users/new.html.erb within layouts/application
  Rendered users/new.html.erb within layouts/application (Duration: 2.2ms | Allocations: 341)
[Webpacker] Everything's up-to-date. Nothing to do
  Rendered layout layouts/application.html.erb (Duration: 15.7ms | Allocations: 3176)
Completed 200 OK in 21ms (Views: 19.9ms | ActiveRecord: 0.0ms | Allocations: 3633)


Started POST "/users" for 127.0.0.1 at 2021-03-01 14:47:31 -0400
Processing by UsersController#create as HTML
  Parameters: {"authenticity_token"=>"[FILTERED]", "user"=>{"username"=>"thgrferrf", "email"=>"Franklinbenjamin032@gmail.com", "password"=>"[FILTERED]"}}
  [1m[36mTRANSACTION (0.1ms)[0m  [1m[36mbegin transaction[0m
  â†³ app/controllers/users_controller.rb:9:in `create'
  [1m[36mUser Create (3.0ms)[0m  [1m[32mINSERT INTO "users" ("username", "email", "password", "created_at", "updated_at") VALUES (?, ?, ?, ?, ?)[0m  [["username", "thgrferrf"], ["email", "Franklinbenjamin032@gmail.com"], ["password", "bFcJ4WiF58xfAk6"], ["created_at", "2021-03-01 18:47:31.893081"], ["updated_at", "2021-03-01 18:47:31.893081"]]
  â†³ app/controllers/users_controller.rb:9:in `create'
  [1m[36mTRANSACTION (8.2ms)[0m  [1m[36mcommit transaction[0m
  â†³ app/controllers/users_controller.rb:9:in `create'
Redirected to http://127.0.0.1:3000/users/new
Completed 302 Found in 30ms (ActiveRecord: 11.3ms | Allocations: 4514)


Started GET "/users/new" for 127.0.0.1 at 2021-03-01 14:47:31 -0400
Processing by UsersController#new as HTML
  Rendering layout layouts/application.html.erb
  Rendering users/new.html.erb within layouts/application
  Rendered users/new.html.erb within layouts/application (Duration: 5.9ms | Allocations: 339)
[Webpacker] Everything's up-to-date. Nothing to do
  Rendered layout layouts/application.html.erb (Duration: 25.2ms | Allocations: 3184)
Completed 200 OK in 28ms (Views: 26.6ms | ActiveRecord: 0.0ms | Allocations: 3640)


Started GET "/users/new" for 127.0.0.1 at 2021-03-01 14:49:49 -0400
Processing by UsersController#new as HTML
  Rendering layout layouts/application.html.erb
  Rendering users/new.html.erb within layouts/application
  Rendered users/new.html.erb within layouts/application (Duration: 12.7ms | Allocations: 4289)
  Rendered layout layouts/application.html.erb (Duration: 14.2ms | Allocations: 4358)
Completed 500 Internal Server Error in 19ms (ActiveRecord: 0.0ms | Allocations: 5540)


  
ActionView::Template::Error (undefined local variable or method `posts_path' for #<ActionView::Base:0x0000000000bc20>):
    10: #     <input type="submit" value="Submit">
    11: #   </form>
    12: 
    13:   <%= form_tag posts_path do %>
    14:     <%= label_tag(:username, "username:") %>
    15:     <%= text_field_tag ':post[username]' %> <br><br>
    16:     <%= label_tag(:email, "enter your e-email:") %>
  
app/views/users/new.html.erb:13
Started GET "/users/new" for 127.0.0.1 at 2021-03-01 14:50:19 -0400
Processing by UsersController#new as HTML
  Rendering layout layouts/application.html.erb
  Rendering users/new.html.erb within layouts/application
  Rendered users/new.html.erb within layouts/application (Duration: 18.6ms | Allocations: 583)
[Webpacker] Everything's up-to-date. Nothing to do
  Rendered layout layouts/application.html.erb (Duration: 32.1ms | Allocations: 3656)
Completed 200 OK in 46ms (Views: 43.5ms | ActiveRecord: 0.0ms | Allocations: 4876)


Started POST "/users" for 127.0.0.1 at 2021-03-01 14:50:25 -0400
Processing by UsersController#create as HTML
  Parameters: {"authenticity_token"=>"[FILTERED]", ":post"=>{"username"=>"dfdfe", "email"=>"eafwa"}, "password"=>"[FILTERED]", "commit"=>"Sign up"}
Completed 400 Bad Request in 2ms (ActiveRecord: 0.0ms | Allocations: 659)


  
ActionController::ParameterMissing (param is missing or the value is empty: user
Did you mean?  password
               authenticity_token
               controller
               action):
  
app/controllers/users_controller.rb:24:in `user_params'
app/controllers/users_controller.rb:7:in `create'
Started GET "/users/new" for 127.0.0.1 at 2021-03-01 14:50:29 -0400
Processing by UsersController#new as HTML
  Rendering layout layouts/application.html.erb
  Rendering users/new.html.erb within layouts/application
  Rendered users/new.html.erb within layouts/application (Duration: 1.1ms | Allocations: 298)
[Webpacker] Everything's up-to-date. Nothing to do
  Rendered layout layouts/application.html.erb (Duration: 16.1ms | Allocations: 3143)
Completed 200 OK in 18ms (Views: 17.1ms | ActiveRecord: 0.0ms | Allocations: 3601)


Started POST "/users" for 127.0.0.1 at 2021-03-01 14:50:43 -0400
Processing by UsersController#create as HTML
  Parameters: {"authenticity_token"=>"[FILTERED]", ":post"=>{"username"=>"egfargefdfgafedfgffedfg", "email"=>"franklonben@gmail.com"}, "password"=>"[FILTERED]", "commit"=>"Sign up"}
Completed 400 Bad Request in 4ms (ActiveRecord: 0.0ms | Allocations: 659)


  
ActionController::ParameterMissing (param is missing or the value is empty: user
Did you mean?  password
               authenticity_token
               controller
               action):
  
app/controllers/users_controller.rb:24:in `user_params'
app/controllers/users_controller.rb:7:in `create'
Started GET "/users/new" for 127.0.0.1 at 2021-03-01 14:52:08 -0400
Processing by UsersController#new as HTML
  Rendering layout layouts/application.html.erb
  Rendering users/new.html.erb within layouts/application
  Rendered users/new.html.erb within layouts/application (Duration: 2.6ms | Allocations: 1243)
  Rendered layout layouts/application.html.erb (Duration: 3.6ms | Allocations: 1313)
Completed 500 Internal Server Error in 21ms (ActiveRecord: 0.0ms | Allocations: 2496)


  
ActionView::SyntaxErrorInTemplate (Encountered a syntax error while rendering template: check 
# <form action="/users" method="post" accept-charset="UTF-8">
#     <input type="hidden" name="authenticity_token" value="<%= form_authenticity_token %>">
#     <label for="username">Username:</label>
#     <input type="text" id="username" name="user[username]"><br><br>
#     <label for="email">Email:</label>
#     <input type="email" id="email" name="user[email]"><br><br>
#     <label for="password">Password:</label>
#     <input type="password" id="password" name="user[password]"><br><br>
#     <input type="submit" value="Submit">
#   </form>

  <%= form_tag users_path do %>
    <%= label_tag(:username, "username:") %>
    <%= text_field_tag ':post[username]' %> <br><br>
    <%= label_tag(:email, "enter your e-email:") %>
    <%= text_field_tag ':post[email]' %> <br><br>
    <%= label_tag(:password, "password:") %>
    <%= <%= text_field_tag ':post[password]' %> %> <br><br>
    <div> <%= submit_tag("Sign up") %> <div>
  <% end %>
):
1:    
2:    # <form action="/users" method="post" accept-charset="UTF-8">
3:    #     <input type="hidden" name="authenticity_token" value="<%= form_authenticity_token %>">
4:    #     <label for="username">Username:</label>
5:    #     <input type="text" id="username" name="user[username]"><br><br>
6:    #     <label for="email">Email:</label>
7:    #     <input type="email" id="email" name="user[email]"><br><br>
8:    #     <label for="password">Password:</label>
9:    #     <input type="password" id="password" name="user[password]"><br><br>
10:    #     <input type="submit" value="Submit">
11:    #   </form>
12:    
13:      <%= form_tag users_path do %>
14:        <%= label_tag(:username, "username:") %>
15:        <%= text_field_tag ':post[username]' %> <br><br>
16:        <%= label_tag(:email, "enter your e-email:") %>
17:        <%= text_field_tag ':post[email]' %> <br><br>
18:        <%= label_tag(:password, "password:") %>
19:        <%= <%= text_field_tag ':post[password]' %> %> <br><br>
20:        <div> <%= submit_tag("Sign up") %> <div>
21:      <% end %>
  
app/views/users/new.html.erb:19: syntax error, unexpected '<'
app/views/users/new.html.erb:21: syntax error, unexpected `end', expecting ')'
app/views/users/new.html.erb:23: syntax error, unexpected `end', expecting ')'
app/views/users/new.html.erb:19: syntax error, unexpected '<'
app/views/users/new.html.erb:21: syntax error, unexpected `end', expecting ')'
app/views/users/new.html.erb:23: syntax error, unexpected `end', expecting ')'
app/views/users/new.html.erb:19: syntax error, unexpected '<'
app/views/users/new.html.erb:21: syntax error, unexpected `end', expecting ')'
app/views/users/new.html.erb:23: syntax error, unexpected `end', expecting ')'
app/views/users/new.html.erb:19: syntax error, unexpected '<'
app/views/users/new.html.erb:21: syntax error, unexpected `end', expecting ')'
app/views/users/new.html.erb:23: syntax error, unexpected `end', expecting ')'
app/views/users/new.html.erb:19: syntax error, unexpected '<'
app/views/users/new.html.erb:21: syntax error, unexpected `end', expecting ')'
app/views/users/new.html.erb:23: syntax error, unexpected `end', expecting ')'
app/views/users/new.html.erb:19: syntax error, unexpected '<'
app/views/users/new.html.erb:21: syntax error, unexpected `end', expecting ')'
app/views/users/new.html.erb:23: syntax error, unexpected `end', expecting ')'
Started GET "/users/new" for 127.0.0.1 at 2021-03-01 14:52:39 -0400
Processing by UsersController#new as HTML
  Rendering layout layouts/application.html.erb
  Rendering users/new.html.erb within layouts/application
  Rendered users/new.html.erb within layouts/application (Duration: 2.1ms | Allocations: 577)
[Webpacker] Everything's up-to-date. Nothing to do
  Rendered layout layouts/application.html.erb (Duration: 30.3ms | Allocations: 3650)
Completed 200 OK in 38ms (Views: 36.0ms | ActiveRecord: 0.0ms | Allocations: 4870)


Started POST "/users" for 127.0.0.1 at 2021-03-01 14:52:58 -0400
Processing by UsersController#create as HTML
  Parameters: {"authenticity_token"=>"[FILTERED]", ":post"=>{"username"=>"uewafndnwfnhgiufed", "email"=>"franklinbenjamin032@gmail.com", "password"=>"[FILTERED]"}, "commit"=>"Sign up"}
Completed 400 Bad Request in 2ms (ActiveRecord: 0.0ms | Allocations: 656)


  
ActionController::ParameterMissing (param is missing or the value is empty: user
Did you mean?  authenticity_token
               controller
               action
               commit):
  
app/controllers/users_controller.rb:24:in `user_params'
app/controllers/users_controller.rb:7:in `create'
Started GET "/users/new" for 127.0.0.1 at 2021-03-01 14:55:39 -0400
Processing by UsersController#new as HTML
  Rendering layout layouts/application.html.erb
  Rendering users/new.html.erb within layouts/application
  Rendered users/new.html.erb within layouts/application (Duration: 40.9ms | Allocations: 4236)
[Webpacker] Everything's up-to-date. Nothing to do
  Rendered layout layouts/application.html.erb (Duration: 56.4ms | Allocations: 7210)
Completed 200 OK in 62ms (Views: 59.2ms | Allocations: 8427)


Started GET "/users/new" for 127.0.0.1 at 2021-03-01 14:55:41 -0400
Processing by UsersController#new as HTML
  Rendering layout layouts/application.html.erb
  Rendering users/new.html.erb within layouts/application
  Rendered users/new.html.erb within layouts/application (Duration: 10.6ms | Allocations: 1704)
[Webpacker] Everything's up-to-date. Nothing to do
  Rendered layout layouts/application.html.erb (Duration: 34.5ms | Allocations: 4440)
Completed 200 OK in 40ms (Views: 36.7ms | Allocations: 4894)


Started POST "/users/new" for 127.0.0.1 at 2021-03-01 14:55:58 -0400
  
ActionController::RoutingError (No route matches [POST] "/users/new"):
  
Started GET "/users/new" for 127.0.0.1 at 2021-03-01 14:59:01 -0400
Processing by UsersController#new as HTML
  Rendering layout layouts/application.html.erb
  Rendering users/new.html.erb within layouts/application
  Rendered users/new.html.erb within layouts/application (Duration: 3.2ms | Allocations: 583)
[Webpacker] Everything's up-to-date. Nothing to do
  Rendered layout layouts/application.html.erb (Duration: 13.2ms | Allocations: 3656)
Completed 200 OK in 18ms (Views: 16.4ms | Allocations: 4872)


Started GET "/users/new" for 127.0.0.1 at 2021-03-01 14:59:03 -0400
Processing by UsersController#new as HTML
  Rendering layout layouts/application.html.erb
  Rendering users/new.html.erb within layouts/application
  Rendered users/new.html.erb within layouts/application (Duration: 1.2ms | Allocations: 298)
[Webpacker] Everything's up-to-date. Nothing to do
  Rendered layout layouts/application.html.erb (Duration: 13.2ms | Allocations: 3133)
Completed 200 OK in 16ms (Views: 14.2ms | Allocations: 3587)


Started POST "/users" for 127.0.0.1 at 2021-03-01 14:59:14 -0400
Processing by UsersController#create as HTML
  Parameters: {"authenticity_token"=>"[FILTERED]", ":post"=>{"username"=>"efodijioodjfied", "email"=>"franklin@gmail.com"}, "password"=>"[FILTERED]", "commit"=>"Sign up"}
Completed 400 Bad Request in 1ms (Allocations: 658)


  
ActionController::ParameterMissing (param is missing or the value is empty: user
Did you mean?  password
               authenticity_token
               controller
               action):
  
app/controllers/users_controller.rb:24:in `user_params'
app/controllers/users_controller.rb:7:in `create'
Started GET "/users/new" for 127.0.0.1 at 2021-03-01 15:01:57 -0400
Processing by UsersController#new as HTML
  Rendering layout layouts/application.html.erb
  Rendering users/new.html.erb within layouts/application
  Rendered users/new.html.erb within layouts/application (Duration: 4.4ms | Allocations: 622)
[Webpacker] Everything's up-to-date. Nothing to do
  Rendered layout layouts/application.html.erb (Duration: 16.3ms | Allocations: 3695)
Completed 200 OK in 26ms (Views: 24.1ms | Allocations: 4911)


Started GET "/users/new" for 127.0.0.1 at 2021-03-01 15:01:59 -0400
Processing by UsersController#new as HTML
  Rendering layout layouts/application.html.erb
  Rendering users/new.html.erb within layouts/application
  Rendered users/new.html.erb within layouts/application (Duration: 1.6ms | Allocations: 322)
[Webpacker] Everything's up-to-date. Nothing to do
  Rendered layout layouts/application.html.erb (Duration: 9.5ms | Allocations: 3157)
Completed 200 OK in 13ms (Views: 11.4ms | Allocations: 3611)


Started POST "/users?method=post" for 127.0.0.1 at 2021-03-01 15:02:13 -0400
Processing by UsersController#create as HTML
  Parameters: {"authenticity_token"=>"[FILTERED]", ":post"=>{"username"=>"wojieuriregrfefrjgrfejowfr", "email"=>"franklinbenjamin@gmail.com"}, "password"=>"[FILTERED]", "commit"=>"Sign up", "method"=>"post"}
Completed 400 Bad Request in 1ms (Allocations: 661)


  
ActionController::ParameterMissing (param is missing or the value is empty: user
Did you mean?  password
               authenticity_token
               method
               controller):
  
app/controllers/users_controller.rb:24:in `user_params'
app/controllers/users_controller.rb:7:in `create'
Started GET "/users/new" for 127.0.0.1 at 2021-03-01 15:02:16 -0400
Processing by UsersController#new as HTML
  Rendering layout layouts/application.html.erb
  Rendering users/new.html.erb within layouts/application
  Rendered users/new.html.erb within layouts/application (Duration: 2.1ms | Allocations: 322)
[Webpacker] Everything's up-to-date. Nothing to do
  Rendered layout layouts/application.html.erb (Duration: 16.6ms | Allocations: 3167)
Completed 200 OK in 22ms (Views: 20.4ms | Allocations: 3620)


Started GET "/users/new" for 127.0.0.1 at 2021-03-01 15:03:07 -0400
Processing by UsersController#new as HTML
  Rendering layout layouts/application.html.erb
  Rendering users/new.html.erb within layouts/application
  Rendered users/new.html.erb within layouts/application (Duration: 2.1ms | Allocations: 609)
[Webpacker] Everything's up-to-date. Nothing to do
  Rendered layout layouts/application.html.erb (Duration: 8.6ms | Allocations: 3672)
Completed 200 OK in 14ms (Views: 12.0ms | Allocations: 4888)


Started POST "/users?method=post" for 127.0.0.1 at 2021-03-01 15:03:20 -0400
Processing by UsersController#create as HTML
  Parameters: {"authenticity_token"=>"[FILTERED]", ":post"=>{"username"=>"gthrytrgrfrgggfgb", "email"=>"Frankloinbwn@gmial.com"}, "password"=>"[FILTERED]", "commit"=>"Sign up", "method"=>"post"}
Completed 400 Bad Request in 2ms (Allocations: 661)


  
ActionController::ParameterMissing (param is missing or the value is empty: user
Did you mean?  password
               authenticity_token
               method
               controller):
  
app/controllers/users_controller.rb:24:in `user_params'
app/controllers/users_controller.rb:7:in `create'
Started GET "/users/new" for 127.0.0.1 at 2021-03-01 15:04:31 -0400
Processing by UsersController#new as HTML
  Rendering layout layouts/application.html.erb
  Rendering users/new.html.erb within layouts/application
  Rendered users/new.html.erb within layouts/application (Duration: 4.6ms | Allocations: 1798)
  Rendered layout layouts/application.html.erb (Duration: 5.3ms | Allocations: 1867)
Completed 500 Internal Server Error in 25ms (Allocations: 3048)


  
ActionView::Template::Error (undefined method `text_field_tag' for nil:NilClass):
    12: 
    13:   <%= form_tag users_path :method => 'post' do |f| %>
    14:     <%= label_tag(:username, "username:") %>
    15:     <%= f.text_field_tag ':post[username]' %> <br><br>
    16:     <%= label_tag(:email, "enter your e-email:") %>
    17:     <%= f.text_field_tag ':post[email]' %> <br><br>
    18:     <%= label_tag(:password, "password:") %>
  
app/views/users/new.html.erb:15
app/views/users/new.html.erb:13
Started GET "/users/new" for 127.0.0.1 at 2021-03-01 15:04:55 -0400
Processing by UsersController#new as HTML
  Rendering layout layouts/application.html.erb
  Rendering users/new.html.erb within layouts/application
  Rendered users/new.html.erb within layouts/application (Duration: 3.2ms | Allocations: 1779)
  Rendered layout layouts/application.html.erb (Duration: 3.6ms | Allocations: 1848)
Completed 500 Internal Server Error in 20ms (Allocations: 3029)


  
ActionView::Template::Error (undefined method `label_tag' for nil:NilClass):
    11: #   </form>
    12: 
    13:   <%= form_tag users_path :method => 'post' do |f| %>
    14:     <%= f.label_tag(:username, "username:") %>
    15:     <%= f.text_field_tag ':post[username]' %> <br><br>
    16:     <%= f.label_tag(:email, "enter your e-email:") %>
    17:     <%= f.text_field_tag ':post[email]' %> <br><br>
  
app/views/users/new.html.erb:14
app/views/users/new.html.erb:13
Started GET "/users/new" for 127.0.0.1 at 2021-03-01 15:06:12 -0400
Processing by UsersController#new as HTML
  Rendering layout layouts/application.html.erb
  Rendering users/new.html.erb within layouts/application
  Rendered users/new.html.erb within layouts/application (Duration: 7.0ms | Allocations: 1800)
  Rendered layout layouts/application.html.erb (Duration: 8.8ms | Allocations: 1869)
Completed 500 Internal Server Error in 13ms (Allocations: 3050)


  
ActionView::Template::Error (undefined method `text_field' for nil:NilClass):
    12: 
    13:   <%= form_tag users_path :method => 'post' do |f| %>
    14:     <%= label_tag(:username, "username:") %>
    15:     <%= f.text_field ':post[username]' %> <br><br>
    16:     <%= label_tag(:email, "enter your e-email:") %>
    17:     <%= f.text_field ':post[email]' %> <br><br>
    18:     <%= label_tag(:password, "password:") %>
  
app/views/users/new.html.erb:15
app/views/users/new.html.erb:13
Started GET "/users/new" for 127.0.0.1 at 2021-03-01 15:12:36 -0400
Processing by UsersController#new as HTML
  Rendering layout layouts/application.html.erb
  Rendering users/new.html.erb within layouts/application
  Rendered users/new.html.erb within layouts/application (Duration: 4.5ms | Allocations: 1798)
  Rendered layout layouts/application.html.erb (Duration: 5.2ms | Allocations: 1867)
Completed 500 Internal Server Error in 16ms (Allocations: 3048)


  
ActionView::Template::Error (undefined method `text_field_tag' for nil:NilClass):
    12: 
    13:   <%= form_tag users_path :method => 'post' do |f| %>
    14:     <%= label_tag(:username, "username:") %>
    15:     <%= f.text_field_tag ':post[username]' %> <br><br>
    16:     <%= label_tag(:email, "enter your e-email:") %>
    17:     <%= f.text_field_tag ':post[email]' %> <br><br>
    18:     <%= label_tag(:password, "password:") %>
  
app/views/users/new.html.erb:15
app/views/users/new.html.erb:13
Started GET "/users/new" for 127.0.0.1 at 2021-03-01 15:12:48 -0400
Processing by UsersController#new as HTML
  Rendering layout layouts/application.html.erb
  Rendering users/new.html.erb within layouts/application
  Rendered users/new.html.erb within layouts/application (Duration: 5.3ms | Allocations: 609)
[Webpacker] Everything's up-to-date. Nothing to do
  Rendered layout layouts/application.html.erb (Duration: 14.7ms | Allocations: 3682)
Completed 200 OK in 22ms (Views: 20.4ms | Allocations: 4899)


Started GET "/users/new" for 127.0.0.1 at 2021-03-01 15:17:14 -0400
Processing by UsersController#new as HTML
  Rendering layout layouts/application.html.erb
  Rendering users/new.html.erb within layouts/application
  Rendered users/new.html.erb within layouts/application (Duration: 61.2ms | Allocations: 7161)
[Webpacker] Everything's up-to-date. Nothing to do
  Rendered layout layouts/application.html.erb (Duration: 77.3ms | Allocations: 10125)
Completed 200 OK in 83ms (Views: 81.0ms | Allocations: 11337)


Started POST "/users" for 127.0.0.1 at 2021-03-01 15:17:40 -0400
Processing by UsersController#create as HTML
  Parameters: {"authenticity_token"=>"[FILTERED]", "user"=>{"username"=>"franklin", "email"=>"franklinben32@gmail.com", "password"=>"[FILTERED]"}, "commit"=>"Create User"}
  [1m[35m (0.2ms)[0m  [1m[34mSELECT sqlite_version(*)[0m
  â†³ app/controllers/users_controller.rb:9:in `create'
  [1m[36mTRANSACTION (0.2ms)[0m  [1m[36mbegin transaction[0m
  â†³ app/controllers/users_controller.rb:9:in `create'
  [1m[36mUser Create (1.6ms)[0m  [1m[32mINSERT INTO "users" ("username", "email", "password", "created_at", "updated_at") VALUES (?, ?, ?, ?, ?)[0m  [["username", "franklin"], ["email", "franklinben32@gmail.com"], ["password", "bFcJ4WiF58xfAk6"], ["created_at", "2021-03-01 19:17:40.471685"], ["updated_at", "2021-03-01 19:17:40.471685"]]
  â†³ app/controllers/users_controller.rb:9:in `create'
  [1m[36mTRANSACTION (14.1ms)[0m  [1m[36mcommit transaction[0m
  â†³ app/controllers/users_controller.rb:9:in `create'
Redirected to http://127.0.0.1:3000/users/new
Completed 302 Found in 50ms (ActiveRecord: 16.5ms | Allocations: 5092)


Started GET "/users/new" for 127.0.0.1 at 2021-03-01 15:17:40 -0400
Processing by UsersController#new as HTML
  Rendering layout layouts/application.html.erb
  Rendering users/new.html.erb within layouts/application
  Rendered users/new.html.erb within layouts/application (Duration: 10.0ms | Allocations: 1096)
[Webpacker] Everything's up-to-date. Nothing to do
  Rendered layout layouts/application.html.erb (Duration: 23.9ms | Allocations: 3931)
Completed 200 OK in 29ms (Views: 26.8ms | ActiveRecord: 0.0ms | Allocations: 4388)


Started GET "/users/edit" for 127.0.0.1 at 2021-03-01 15:48:57 -0400
  [1m[35m (0.8ms)[0m  [1m[34mSELECT sqlite_version(*)[0m
  [1m[35m (1.2ms)[0m  [1m[34mSELECT "schema_migrations"."version" FROM "schema_migrations" ORDER BY "schema_migrations"."version" ASC[0m
  
ActionController::RoutingError (No route matches [GET] "/users/edit"):
  
Started GET "/users/edit" for 127.0.0.1 at 2021-03-01 15:49:17 -0400
  
ActionController::RoutingError (No route matches [GET] "/users/edit"):
  
Started GET "/users/edit" for 127.0.0.1 at 2021-03-01 15:49:19 -0400
  
ActionController::RoutingError (No route matches [GET] "/users/edit"):
  
Started GET "/" for 127.0.0.1 at 2021-03-01 15:51:40 -0400
  [1m[35m (1.2ms)[0m  [1m[34mSELECT sqlite_version(*)[0m
  [1m[35m (0.8ms)[0m  [1m[34mSELECT "schema_migrations"."version" FROM "schema_migrations" ORDER BY "schema_migrations"."version" ASC[0m
Processing by Rails::WelcomeController#index as HTML
  Rendering /home/franklin/.rbenv/versions/3.0.0/lib/ruby/gems/3.0.0/gems/railties-6.1.3/lib/rails/templates/rails/welcome/index.html.erb
  Rendered /home/franklin/.rbenv/versions/3.0.0/lib/ruby/gems/3.0.0/gems/railties-6.1.3/lib/rails/templates/rails/welcome/index.html.erb (Duration: 17.1ms | Allocations: 418)
Completed 200 OK in 55ms (Views: 24.5ms | ActiveRecord: 0.0ms | Allocations: 3181)


Started GET "/users/edit" for 127.0.0.1 at 2021-03-01 15:51:56 -0400
  
AbstractController::ActionNotFound (The action 'show' could not be found for UsersController
Did you mean?  new
               update
               edit
               create):
  
actionpack (6.1.3) lib/abstract_controller/base.rb:160:in `process'
actionview (6.1.3) lib/action_view/rendering.rb:39:in `process'
actionpack (6.1.3) lib/action_controller/metal.rb:190:in `dispatch'
actionpack (6.1.3) lib/action_controller/metal.rb:254:in `dispatch'
actionpack (6.1.3) lib/action_dispatch/routing/route_set.rb:50:in `dispatch'
actionpack (6.1.3) lib/action_dispatch/routing/route_set.rb:33:in `serve'
actionpack (6.1.3) lib/action_dispatch/journey/router.rb:50:in `block in serve'
actionpack (6.1.3) lib/action_dispatch/journey/router.rb:32:in `each'
actionpack (6.1.3) lib/action_dispatch/journey/router.rb:32:in `serve'
actionpack (6.1.3) lib/action_dispatch/routing/route_set.rb:842:in `call'
rack (2.2.3) lib/rack/tempfile_reaper.rb:15:in `call'
rack (2.2.3) lib/rack/etag.rb:27:in `call'
rack (2.2.3) lib/rack/conditional_get.rb:27:in `call'
rack (2.2.3) lib/rack/head.rb:12:in `call'
actionpack (6.1.3) lib/action_dispatch/http/permissions_policy.rb:22:in `call'
actionpack (6.1.3) lib/action_dispatch/http/content_security_policy.rb:18:in `call'
rack (2.2.3) lib/rack/session/abstract/id.rb:266:in `context'
rack (2.2.3) lib/rack/session/abstract/id.rb:260:in `call'
actionpack (6.1.3) lib/action_dispatch/middleware/cookies.rb:689:in `call'
activerecord (6.1.3) lib/active_record/migration.rb:601:in `call'
actionpack (6.1.3) lib/action_dispatch/middleware/callbacks.rb:27:in `block in call'
activesupport (6.1.3) lib/active_support/callbacks.rb:98:in `run_callbacks'
actionpack (6.1.3) lib/action_dispatch/middleware/callbacks.rb:26:in `call'
actionpack (6.1.3) lib/action_dispatch/middleware/executor.rb:14:in `call'
actionpack (6.1.3) lib/action_dispatch/middleware/actionable_exceptions.rb:18:in `call'
actionpack (6.1.3) lib/action_dispatch/middleware/debug_exceptions.rb:29:in `call'
web-console (4.1.0) lib/web_console/middleware.rb:132:in `call_app'
web-console (4.1.0) lib/web_console/middleware.rb:28:in `block in call'
web-console (4.1.0) lib/web_console/middleware.rb:17:in `catch'
web-console (4.1.0) lib/web_console/middleware.rb:17:in `call'
actionpack (6.1.3) lib/action_dispatch/middleware/show_exceptions.rb:33:in `call'
railties (6.1.3) lib/rails/rack/logger.rb:37:in `call_app'
railties (6.1.3) lib/rails/rack/logger.rb:26:in `block in call'
activesupport (6.1.3) lib/active_support/tagged_logging.rb:99:in `block in tagged'
activesupport (6.1.3) lib/active_support/tagged_logging.rb:37:in `tagged'
activesupport (6.1.3) lib/active_support/tagged_logging.rb:99:in `tagged'
railties (6.1.3) lib/rails/rack/logger.rb:26:in `call'
sprockets-rails (3.2.2) lib/sprockets/rails/quiet_assets.rb:13:in `call'
actionpack (6.1.3) lib/action_dispatch/middleware/remote_ip.rb:81:in `call'
actionpack (6.1.3) lib/action_dispatch/middleware/request_id.rb:26:in `call'
rack (2.2.3) lib/rack/method_override.rb:24:in `call'
rack (2.2.3) lib/rack/runtime.rb:22:in `call'
activesupport (6.1.3) lib/active_support/cache/strategy/local_cache_middleware.rb:29:in `call'
actionpack (6.1.3) lib/action_dispatch/middleware/executor.rb:14:in `call'
actionpack (6.1.3) lib/action_dispatch/middleware/static.rb:24:in `call'
rack (2.2.3) lib/rack/sendfile.rb:110:in `call'
actionpack (6.1.3) lib/action_dispatch/middleware/host_authorization.rb:98:in `call'
rack-mini-profiler (2.3.1) lib/mini_profiler/profiler.rb:373:in `call'
webpacker (5.2.1) lib/webpacker/dev_server_proxy.rb:25:in `perform_request'
rack-proxy (0.6.5) lib/rack/proxy.rb:57:in `call'
railties (6.1.3) lib/rails/engine.rb:539:in `call'
puma (5.2.1) lib/puma/configuration.rb:247:in `call'
puma (5.2.1) lib/puma/request.rb:76:in `block in handle_request'
puma (5.2.1) lib/puma/thread_pool.rb:337:in `with_force_shutdown'
puma (5.2.1) lib/puma/request.rb:75:in `handle_request'
puma (5.2.1) lib/puma/server.rb:431:in `process_client'
puma (5.2.1) lib/puma/thread_pool.rb:145:in `block in spawn_thread'
Started GET "/users/edit" for 127.0.0.1 at 2021-03-01 15:52:48 -0400
  
AbstractController::ActionNotFound (The action 'show' could not be found for UsersController
Did you mean?  new
               update
               edit
               create):
  
actionpack (6.1.3) lib/abstract_controller/base.rb:160:in `process'
actionview (6.1.3) lib/action_view/rendering.rb:39:in `process'
actionpack (6.1.3) lib/action_controller/metal.rb:190:in `dispatch'
actionpack (6.1.3) lib/action_controller/metal.rb:254:in `dispatch'
actionpack (6.1.3) lib/action_dispatch/routing/route_set.rb:50:in `dispatch'
actionpack (6.1.3) lib/action_dispatch/routing/route_set.rb:33:in `serve'
actionpack (6.1.3) lib/action_dispatch/journey/router.rb:50:in `block in serve'
actionpack (6.1.3) lib/action_dispatch/journey/router.rb:32:in `each'
actionpack (6.1.3) lib/action_dispatch/journey/router.rb:32:in `serve'
actionpack (6.1.3) lib/action_dispatch/routing/route_set.rb:842:in `call'
rack (2.2.3) lib/rack/tempfile_reaper.rb:15:in `call'
rack (2.2.3) lib/rack/etag.rb:27:in `call'
rack (2.2.3) lib/rack/conditional_get.rb:27:in `call'
rack (2.2.3) lib/rack/head.rb:12:in `call'
actionpack (6.1.3) lib/action_dispatch/http/permissions_policy.rb:22:in `call'
actionpack (6.1.3) lib/action_dispatch/http/content_security_policy.rb:18:in `call'
rack (2.2.3) lib/rack/session/abstract/id.rb:266:in `context'
rack (2.2.3) lib/rack/session/abstract/id.rb:260:in `call'
actionpack (6.1.3) lib/action_dispatch/middleware/cookies.rb:689:in `call'
activerecord (6.1.3) lib/active_record/migration.rb:601:in `call'
actionpack (6.1.3) lib/action_dispatch/middleware/callbacks.rb:27:in `block in call'
activesupport (6.1.3) lib/active_support/callbacks.rb:98:in `run_callbacks'
actionpack (6.1.3) lib/action_dispatch/middleware/callbacks.rb:26:in `call'
actionpack (6.1.3) lib/action_dispatch/middleware/executor.rb:14:in `call'
actionpack (6.1.3) lib/action_dispatch/middleware/actionable_exceptions.rb:18:in `call'
actionpack (6.1.3) lib/action_dispatch/middleware/debug_exceptions.rb:29:in `call'
web-console (4.1.0) lib/web_console/middleware.rb:132:in `call_app'
web-console (4.1.0) lib/web_console/middleware.rb:28:in `block in call'
web-console (4.1.0) lib/web_console/middleware.rb:17:in `catch'
web-console (4.1.0) lib/web_console/middleware.rb:17:in `call'
actionpack (6.1.3) lib/action_dispatch/middleware/show_exceptions.rb:33:in `call'
railties (6.1.3) lib/rails/rack/logger.rb:37:in `call_app'
railties (6.1.3) lib/rails/rack/logger.rb:26:in `block in call'
activesupport (6.1.3) lib/active_support/tagged_logging.rb:99:in `block in tagged'
activesupport (6.1.3) lib/active_support/tagged_logging.rb:37:in `tagged'
activesupport (6.1.3) lib/active_support/tagged_logging.rb:99:in `tagged'
railties (6.1.3) lib/rails/rack/logger.rb:26:in `call'
sprockets-rails (3.2.2) lib/sprockets/rails/quiet_assets.rb:13:in `call'
actionpack (6.1.3) lib/action_dispatch/middleware/remote_ip.rb:81:in `call'
actionpack (6.1.3) lib/action_dispatch/middleware/request_id.rb:26:in `call'
rack (2.2.3) lib/rack/method_override.rb:24:in `call'
rack (2.2.3) lib/rack/runtime.rb:22:in `call'
activesupport (6.1.3) lib/active_support/cache/strategy/local_cache_middleware.rb:29:in `call'
actionpack (6.1.3) lib/action_dispatch/middleware/executor.rb:14:in `call'
actionpack (6.1.3) lib/action_dispatch/middleware/static.rb:24:in `call'
rack (2.2.3) lib/rack/sendfile.rb:110:in `call'
actionpack (6.1.3) lib/action_dispatch/middleware/host_authorization.rb:98:in `call'
rack-mini-profiler (2.3.1) lib/mini_profiler/profiler.rb:373:in `call'
webpacker (5.2.1) lib/webpacker/dev_server_proxy.rb:25:in `perform_request'
rack-proxy (0.6.5) lib/rack/proxy.rb:57:in `call'
railties (6.1.3) lib/rails/engine.rb:539:in `call'
puma (5.2.1) lib/puma/configuration.rb:247:in `call'
puma (5.2.1) lib/puma/request.rb:76:in `block in handle_request'
puma (5.2.1) lib/puma/thread_pool.rb:337:in `with_force_shutdown'
puma (5.2.1) lib/puma/request.rb:75:in `handle_request'
puma (5.2.1) lib/puma/server.rb:431:in `process_client'
puma (5.2.1) lib/puma/thread_pool.rb:145:in `block in spawn_thread'
Started GET "/" for 127.0.0.1 at 2021-03-01 15:54:38 -0400
  [1m[35m (1.0ms)[0m  [1m[34mSELECT sqlite_version(*)[0m
  [1m[35m (0.7ms)[0m  [1m[34mSELECT "schema_migrations"."version" FROM "schema_migrations" ORDER BY "schema_migrations"."version" ASC[0m
Processing by Rails::WelcomeController#index as HTML
  Rendering /home/franklin/.rbenv/versions/3.0.0/lib/ruby/gems/3.0.0/gems/railties-6.1.3/lib/rails/templates/rails/welcome/index.html.erb
  Rendered /home/franklin/.rbenv/versions/3.0.0/lib/ruby/gems/3.0.0/gems/railties-6.1.3/lib/rails/templates/rails/welcome/index.html.erb (Duration: 12.4ms | Allocations: 418)
Completed 200 OK in 39ms (Views: 17.7ms | ActiveRecord: 0.0ms | Allocations: 3181)


Started GET "/users/edit" for 127.0.0.1 at 2021-03-01 15:54:52 -0400
  
ActionController::RoutingError (No route matches [GET] "/users/edit"):
  
Started GET "/users/:id/edit" for 127.0.0.1 at 2021-03-01 15:56:23 -0400
Processing by UsersController#edit as HTML
  Parameters: {"id"=>":id"}
  [1m[36mUser Load (0.5ms)[0m  [1m[34mSELECT "users".* FROM "users" WHERE "users"."id" = ? LIMIT ?[0m  [["id", nil], ["LIMIT", 1]]
  â†³ app/controllers/users_controller.rb:17:in `edit'
Completed 404 Not Found in 37ms (ActiveRecord: 2.7ms | Allocations: 3079)


  
ActiveRecord::RecordNotFound (Couldn't find User with 'id'=:id):
  
app/controllers/users_controller.rb:17:in `edit'
Started GET "/" for 127.0.0.1 at 2021-03-01 16:00:07 -0400
Processing by Rails::WelcomeController#index as HTML
  Rendering /home/franklin/.rbenv/versions/3.0.0/lib/ruby/gems/3.0.0/gems/railties-6.1.3/lib/rails/templates/rails/welcome/index.html.erb
  Rendered /home/franklin/.rbenv/versions/3.0.0/lib/ruby/gems/3.0.0/gems/railties-6.1.3/lib/rails/templates/rails/welcome/index.html.erb (Duration: 10.7ms | Allocations: 222)
Completed 200 OK in 17ms (Views: 12.6ms | ActiveRecord: 0.0ms | Allocations: 1002)


Started GET "/users/edit" for 127.0.0.1 at 2021-03-01 16:00:38 -0400
  
ActionController::RoutingError (No route matches [GET] "/users/edit"):
  
Started GET "/users/edit" for 127.0.0.1 at 2021-03-01 16:00:40 -0400
  
ActionController::RoutingError (No route matches [GET] "/users/edit"):
  
Started GET "/users/:id/edit" for 127.0.0.1 at 2021-03-01 16:00:50 -0400
Processing by UsersController#edit as HTML
  Parameters: {"id"=>":id"}
  [1m[36mUser Load (0.2ms)[0m  [1m[34mSELECT "users".* FROM "users" WHERE "users"."id" = ? LIMIT ?[0m  [["id", nil], ["LIMIT", 1]]
  â†³ app/controllers/users_controller.rb:17:in `edit'
Completed 404 Not Found in 4ms (ActiveRecord: 0.2ms | Allocations: 1093)


  
ActiveRecord::RecordNotFound (Couldn't find User with 'id'=:id):
  
app/controllers/users_controller.rb:17:in `edit'
Started GET "/users/1/edit" for 127.0.0.1 at 2021-03-01 16:00:56 -0400
Processing by UsersController#edit as HTML
  Parameters: {"id"=>"1"}
  [1m[36mUser Load (0.2ms)[0m  [1m[34mSELECT "users".* FROM "users" WHERE "users"."id" = ? LIMIT ?[0m  [["id", 1], ["LIMIT", 1]]
  â†³ app/controllers/users_controller.rb:17:in `edit'
  Rendering layout layouts/application.html.erb
  Rendering users/edit.html.erb within layouts/application
  Rendered users/edit.html.erb within layouts/application (Duration: 23.5ms | Allocations: 5751)
[Webpacker] Everything's up-to-date. Nothing to do
  Rendered layout layouts/application.html.erb (Duration: 43.5ms | Allocations: 10953)
Completed 200 OK in 64ms (Views: 48.4ms | ActiveRecord: 0.2ms | Allocations: 15558)


Started PATCH "/users/1" for 127.0.0.1 at 2021-03-01 16:01:18 -0400
Processing by UsersController#update as HTML
  Parameters: {"authenticity_token"=>"[FILTERED]", "user"=>{"username"=>"jhedwqdjqwildjqwidqwd", "email"=>"franklinbenjamin032@gmail.com", "password"=>"[FILTERED]"}, "commit"=>"Update User", "id"=>"1"}
  [1m[36mUser Load (0.3ms)[0m  [1m[34mSELECT "users".* FROM "users" WHERE "users"."id" = ? LIMIT ?[0m  [["id", 1], ["LIMIT", 1]]
  â†³ app/controllers/users_controller.rb:21:in `update'
  Rendering layout layouts/application.html.erb
  Rendering users/edit.html.erb within layouts/application
  Rendered users/edit.html.erb within layouts/application (Duration: 8.2ms | Allocations: 2115)
[Webpacker] Everything's up-to-date. Nothing to do
  Rendered layout layouts/application.html.erb (Duration: 19.7ms | Allocations: 4877)
Completed 200 OK in 32ms (Views: 21.7ms | ActiveRecord: 0.3ms | Allocations: 7152)


Started PATCH "/users/1" for 127.0.0.1 at 2021-03-01 16:01:24 -0400
Processing by UsersController#update as HTML
  Parameters: {"authenticity_token"=>"[FILTERED]", "user"=>{"username"=>"jhedwqdjqwildjqwidqwd", "email"=>"franklinbenjamin032@gmail.com", "password"=>"[FILTERED]"}, "commit"=>"Update User", "id"=>"1"}
  [1m[36mUser Load (0.3ms)[0m  [1m[34mSELECT "users".* FROM "users" WHERE "users"."id" = ? LIMIT ?[0m  [["id", 1], ["LIMIT", 1]]
  â†³ app/controllers/users_controller.rb:21:in `update'
  Rendering layout layouts/application.html.erb
  Rendering users/edit.html.erb within layouts/application
  Rendered users/edit.html.erb within layouts/application (Duration: 6.7ms | Allocations: 2024)
[Webpacker] Everything's up-to-date. Nothing to do
  Rendered layout layouts/application.html.erb (Duration: 13.5ms | Allocations: 4786)
Completed 200 OK in 23ms (Views: 14.7ms | ActiveRecord: 0.3ms | Allocations: 6693)


Started PATCH "/users/1" for 127.0.0.1 at 2021-03-01 16:01:35 -0400
Processing by UsersController#update as HTML
  Parameters: {"authenticity_token"=>"[FILTERED]", "user"=>{"username"=>"jhedwqdjqwildjqwidqwd", "email"=>"franklinbenjamin032@gmail.com", "password"=>"[FILTERED]"}, "commit"=>"Update User", "id"=>"1"}
  [1m[36mUser Load (0.4ms)[0m  [1m[34mSELECT "users".* FROM "users" WHERE "users"."id" = ? LIMIT ?[0m  [["id", 1], ["LIMIT", 1]]
  â†³ app/controllers/users_controller.rb:21:in `update'
  [1m[36mTRANSACTION (0.3ms)[0m  [1m[36mbegin transaction[0m
  â†³ app/controllers/users_controller.rb:23:in `update'
  [1m[36mUser Update (0.6ms)[0m  [1m[33mUPDATE "users" SET "password" = ?, "updated_at" = ? WHERE "users"."id" = ?[0m  [["password", "1234567"], ["updated_at", "2021-03-01 20:01:35.147513"], ["id", 1]]
  â†³ app/controllers/users_controller.rb:23:in `update'
  [1m[36mTRANSACTION (24.3ms)[0m  [1m[36mcommit transaction[0m
  â†³ app/controllers/users_controller.rb:23:in `update'
Redirected to http://127.0.0.1:3000/users/1
Completed 302 Found in 60ms (ActiveRecord: 25.6ms | Allocations: 5626)


Started GET "/users/1" for 127.0.0.1 at 2021-03-01 16:01:35 -0400
  
ActionController::RoutingError (No route matches [GET] "/users/1"):
  
Started GET "/users/new" for 127.0.0.1 at 2021-03-01 16:02:12 -0400
Processing by UsersController#new as HTML
  Rendering layout layouts/application.html.erb
  Rendering users/new.html.erb within layouts/application
  Rendered users/new.html.erb within layouts/application (Duration: 6.0ms | Allocations: 1521)
[Webpacker] Everything's up-to-date. Nothing to do
  Rendered layout layouts/application.html.erb (Duration: 12.1ms | Allocations: 4357)
Completed 200 OK in 17ms (Views: 14.1ms | ActiveRecord: 0.0ms | Allocations: 4962)


Started POST "/users" for 127.0.0.1 at 2021-03-01 16:02:38 -0400
Processing by UsersController#create as HTML
  Parameters: {"authenticity_token"=>"[FILTERED]", "user"=>{"username"=>"franklin", "email"=>"franklinbenjmain23@gmail.com", "password"=>"[FILTERED]"}, "commit"=>"Create User"}
  [1m[36mTRANSACTION (0.1ms)[0m  [1m[36mbegin transaction[0m
  â†³ app/controllers/users_controller.rb:9:in `create'
  [1m[36mUser Create (4.4ms)[0m  [1m[32mINSERT INTO "users" ("username", "email", "password", "created_at", "updated_at") VALUES (?, ?, ?, ?, ?)[0m  [["username", "franklin"], ["email", "franklinbenjmain23@gmail.com"], ["password", "1234567"], ["created_at", "2021-03-01 20:02:38.672649"], ["updated_at", "2021-03-01 20:02:38.672649"]]
  â†³ app/controllers/users_controller.rb:9:in `create'
  [1m[36mTRANSACTION (9.7ms)[0m  [1m[36mcommit transaction[0m
  â†³ app/controllers/users_controller.rb:9:in `create'
Redirected to http://127.0.0.1:3000/users/new
Completed 302 Found in 31ms (ActiveRecord: 14.3ms | Allocations: 4626)


Started GET "/users/new" for 127.0.0.1 at 2021-03-01 16:02:38 -0400
Processing by UsersController#new as HTML
  Rendering layout layouts/application.html.erb
  Rendering users/new.html.erb within layouts/application
  Rendered users/new.html.erb within layouts/application (Duration: 7.7ms | Allocations: 1096)
[Webpacker] Everything's up-to-date. Nothing to do
  Rendered layout layouts/application.html.erb (Duration: 20.4ms | Allocations: 4271)
Completed 200 OK in 24ms (Views: 21.6ms | ActiveRecord: 0.0ms | Allocations: 4729)


  [1m[35m (1.2ms)[0m  [1m[34mSELECT sqlite_version(*)[0m
  [1m[36mUser Load (0.4ms)[0m  [1m[34mSELECT "users".* FROM "users" WHERE "users"."id" = ? LIMIT ?[0m  [["id", nil], ["LIMIT", 1]]
  [1m[36mUser Load (0.3ms)[0m  [1m[34mSELECT "users".* FROM "users" /* loading for inspect */ LIMIT ?[0m  [["LIMIT", 11]]
Started GET "/users/1/edit" for 127.0.0.1 at 2021-03-01 16:05:22 -0400
  [1m[35m (1.0ms)[0m  [1m[34mSELECT sqlite_version(*)[0m
  [1m[35m (0.4ms)[0m  [1m[34mSELECT "schema_migrations"."version" FROM "schema_migrations" ORDER BY "schema_migrations"."version" ASC[0m
Processing by UsersController#edit as HTML
  Parameters: {"id"=>"1"}
  [1m[36mUser Load (0.6ms)[0m  [1m[34mSELECT "users".* FROM "users" WHERE "users"."id" = ? LIMIT ?[0m  [["id", 1], ["LIMIT", 1]]
  â†³ app/controllers/users_controller.rb:17:in `edit'
  Rendering layout layouts/application.html.erb
  Rendering users/edit.html.erb within layouts/application
  Rendered users/edit.html.erb within layouts/application (Duration: 16.1ms | Allocations: 3928)
[Webpacker] Everything's up-to-date. Nothing to do
  Rendered layout layouts/application.html.erb (Duration: 40.9ms | Allocations: 9269)
Completed 200 OK in 83ms (Views: 50.7ms | ActiveRecord: 1.7ms | Allocations: 17705)


Started PATCH "/users/1" for 127.0.0.1 at 2021-03-01 16:05:38 -0400
Processing by UsersController#update as HTML
  Parameters: {"authenticity_token"=>"[FILTERED]", "user"=>{"username"=>"franklin", "email"=>"franklinbenjamin032@gmail.com", "password"=>"[FILTERED]"}, "commit"=>"Update User", "id"=>"1"}
  [1m[36mUser Load (0.4ms)[0m  [1m[34mSELECT "users".* FROM "users" WHERE "users"."id" = ? LIMIT ?[0m  [["id", 1], ["LIMIT", 1]]
  â†³ app/controllers/users_controller.rb:21:in `update'
  [1m[36mTRANSACTION (0.1ms)[0m  [1m[36mbegin transaction[0m
  â†³ app/controllers/users_controller.rb:23:in `update'
  [1m[36mUser Update (5.3ms)[0m  [1m[33mUPDATE "users" SET "username" = ?, "updated_at" = ? WHERE "users"."id" = ?[0m  [["username", "franklin"], ["updated_at", "2021-03-01 20:05:38.158296"], ["id", 1]]
  â†³ app/controllers/users_controller.rb:23:in `update'
  [1m[36mTRANSACTION (7.4ms)[0m  [1m[36mcommit transaction[0m
  â†³ app/controllers/users_controller.rb:23:in `update'
Redirected to http://127.0.0.1:3000/users/1
Completed 302 Found in 65ms (ActiveRecord: 13.3ms | Allocations: 5161)


Started GET "/users/1" for 127.0.0.1 at 2021-03-01 16:05:38 -0400
  
ActionController::RoutingError (No route matches [GET] "/users/1"):
  
Started GET "/users/1" for 127.0.0.1 at 2021-03-01 16:08:30 -0400
  
ActionController::RoutingError (No route matches [GET] "/users/1"):
  
Started PATCH "/users/1" for 127.0.0.1 at 2021-03-01 16:08:40 -0400
Processing by UsersController#update as HTML
  Parameters: {"authenticity_token"=>"[FILTERED]", "user"=>{"username"=>"franklin", "email"=>"franklinbenjamin032@gmail.com", "password"=>"[FILTERED]"}, "commit"=>"Update User", "id"=>"1"}
  [1m[35m (0.1ms)[0m  [1m[34mSELECT sqlite_version(*)[0m
  â†³ app/controllers/users_controller.rb:21:in `update'
  [1m[36mUser Load (0.5ms)[0m  [1m[34mSELECT "users".* FROM "users" WHERE "users"."id" = ? LIMIT ?[0m  [["id", 1], ["LIMIT", 1]]
  â†³ app/controllers/users_controller.rb:21:in `update'
Redirected to http://127.0.0.1:3000/users/1
Completed 302 Found in 34ms (ActiveRecord: 2.9ms | Allocations: 5515)


Started GET "/users/1" for 127.0.0.1 at 2021-03-01 16:08:40 -0400
  
ActionController::RoutingError (No route matches [GET] "/users/1"):
  
Started GET "/users/1" for 127.0.0.1 at 2021-03-01 16:10:07 -0400
  
ActionController::RoutingError (No route matches [GET] "/users/1"):
  
Started GET "/users/1" for 127.0.0.1 at 2021-03-01 16:10:09 -0400
  
ActionController::RoutingError (No route matches [GET] "/users/1"):
  
  [1m[35m (1.8ms)[0m  [1m[34mSELECT sqlite_version(*)[0m
  [1m[36mUser Load (0.6ms)[0m  [1m[34mSELECT "users".* FROM "users" /* loading for inspect */ LIMIT ?[0m  [["LIMIT", 11]]
Started GET "/users/1" for 127.0.0.1 at 2021-03-01 16:12:24 -0400
  [1m[35m (0.6ms)[0m  [1m[34mSELECT sqlite_version(*)[0m
  [1m[35m (2.5ms)[0m  [1m[34mSELECT "schema_migrations"."version" FROM "schema_migrations" ORDER BY "schema_migrations"."version" ASC[0m
  
ActionController::RoutingError (No route matches [GET] "/users/1"):
  
Started PATCH "/users/1" for 127.0.0.1 at 2021-03-01 16:16:22 -0400
  [1m[35m (0.8ms)[0m  [1m[34mSELECT sqlite_version(*)[0m
  [1m[35m (0.6ms)[0m  [1m[34mSELECT "schema_migrations"."version" FROM "schema_migrations" ORDER BY "schema_migrations"."version" ASC[0m
Processing by UsersController#update as HTML
  Parameters: {"authenticity_token"=>"[FILTERED]", "user"=>{"username"=>"mina", "email"=>"franklinbenjamin032@gmail.com", "password"=>"[FILTERED]"}, "commit"=>"Update User", "id"=>"1"}
  [1m[36mUser Load (0.7ms)[0m  [1m[34mSELECT "users".* FROM "users" WHERE "users"."id" = ? LIMIT ?[0m  [["id", 1], ["LIMIT", 1]]
  â†³ app/controllers/users_controller.rb:21:in `update'
  [1m[36mTRANSACTION (0.3ms)[0m  [1m[36mbegin transaction[0m
  â†³ app/controllers/users_controller.rb:23:in `update'
  [1m[36mUser Update (0.4ms)[0m  [1m[33mUPDATE "users" SET "username" = ?, "updated_at" = ? WHERE "users"."id" = ?[0m  [["username", "mina"], ["updated_at", "2021-03-01 20:16:22.874276"], ["id", 1]]
  â†³ app/controllers/users_controller.rb:23:in `update'
  [1m[36mTRANSACTION (10.1ms)[0m  [1m[36mcommit transaction[0m
  â†³ app/controllers/users_controller.rb:23:in `update'
Redirected to http://127.0.0.1:3000/users/1
Completed 302 Found in 57ms (ActiveRecord: 12.8ms | Allocations: 11169)


Started GET "/users/1" for 127.0.0.1 at 2021-03-01 16:16:22 -0400
  
ActionController::RoutingError (No route matches [GET] "/users/1"):
  
Started PATCH "/users/1" for 127.0.0.1 at 2021-03-01 16:16:30 -0400
Processing by UsersController#update as HTML
  Parameters: {"authenticity_token"=>"[FILTERED]", "user"=>{"username"=>"mina", "email"=>"franklinbenjamin032@gmail.com", "password"=>"[FILTERED]"}, "commit"=>"Update User", "id"=>"1"}
  [1m[36mUser Load (0.7ms)[0m  [1m[34mSELECT "users".* FROM "users" WHERE "users"."id" = ? LIMIT ?[0m  [["id", 1], ["LIMIT", 1]]
  â†³ app/controllers/users_controller.rb:21:in `update'
Redirected to http://127.0.0.1:3000/users/1
Completed 302 Found in 10ms (ActiveRecord: 0.7ms | Allocations: 1065)


Started GET "/users/1" for 127.0.0.1 at 2021-03-01 16:16:30 -0400
  
ActionController::RoutingError (No route matches [GET] "/users/1"):
  
  [1m[35m (1.4ms)[0m  [1m[34mSELECT sqlite_version(*)[0m
  [1m[36mUser Load (0.4ms)[0m  [1m[34mSELECT "users".* FROM "users" /* loading for inspect */ LIMIT ?[0m  [["LIMIT", 11]]
Started PATCH "/users/1" for 127.0.0.1 at 2021-03-01 16:18:52 -0400
  [1m[35m (1.1ms)[0m  [1m[34mSELECT sqlite_version(*)[0m
  [1m[35m (0.6ms)[0m  [1m[34mSELECT "schema_migrations"."version" FROM "schema_migrations" ORDER BY "schema_migrations"."version" ASC[0m
Processing by UsersController#update as HTML
  Parameters: {"authenticity_token"=>"[FILTERED]", "user"=>{"username"=>"mina", "email"=>"franklinbenjamin032@gmail.com", "password"=>"[FILTERED]"}, "commit"=>"Update User", "id"=>"1"}
  [1m[36mUser Load (0.5ms)[0m  [1m[34mSELECT "users".* FROM "users" WHERE "users"."id" = ? LIMIT ?[0m  [["id", 1], ["LIMIT", 1]]
  â†³ app/controllers/users_controller.rb:21:in `update'
Redirected to http://127.0.0.1:3000/users/1
Completed 302 Found in 33ms (ActiveRecord: 1.3ms | Allocations: 7701)


Started GET "/users/1" for 127.0.0.1 at 2021-03-01 16:18:53 -0400
  
ActionController::RoutingError (No route matches [GET] "/users/1"):
  
Started GET "/users/1" for 127.0.0.1 at 2021-03-01 16:21:25 -0400
  
ActionController::RoutingError (No route matches [GET] "/users/1"):
  
Started PATCH "/users/1" for 127.0.0.1 at 2021-03-01 16:21:32 -0400
Processing by UsersController#update as HTML
  Parameters: {"authenticity_token"=>"[FILTERED]", "user"=>{"username"=>"mina", "email"=>"franklinbenjamin032@gmail.com", "password"=>"[FILTERED]"}, "commit"=>"Update User", "id"=>"1"}
  [1m[35m (0.1ms)[0m  [1m[34mSELECT sqlite_version(*)[0m
  â†³ app/controllers/users_controller.rb:21:in `update'
  [1m[36mUser Load (0.3ms)[0m  [1m[34mSELECT "users".* FROM "users" WHERE "users"."id" = ? LIMIT ?[0m  [["id", 1], ["LIMIT", 1]]
  â†³ app/controllers/users_controller.rb:21:in `update'
Redirected to http://127.0.0.1:3000/users/new
Completed 302 Found in 24ms (ActiveRecord: 2.3ms | Allocations: 5524)


Started GET "/users/new" for 127.0.0.1 at 2021-03-01 16:21:32 -0400
Processing by UsersController#new as HTML
  Rendering layout layouts/application.html.erb
  Rendering users/new.html.erb within layouts/application
  Rendered users/new.html.erb within layouts/application (Duration: 12.7ms | Allocations: 3284)
[Webpacker] Everything's up-to-date. Nothing to do
  Rendered layout layouts/application.html.erb (Duration: 34.8ms | Allocations: 8590)
Completed 200 OK in 41ms (Views: 39.4ms | ActiveRecord: 0.0ms | Allocations: 9941)


Started GET "/" for 127.0.0.1 at 2021-03-02 10:57:59 -0400
  [1m[35m (1.8ms)[0m  [1m[34mSELECT sqlite_version(*)[0m
  [1m[35m (1.2ms)[0m  [1m[34mSELECT "schema_migrations"."version" FROM "schema_migrations" ORDER BY "schema_migrations"."version" ASC[0m
  [1m[35mCACHE  (0.0ms)[0m  [1m[34mSELECT "schema_migrations"."version" FROM "schema_migrations" ORDER BY "schema_migrations"."version" ASC[0m
  
ActiveRecord::PendingMigrationError (

Migrations are pending. To resolve this issue, run:

        bin/rails db:migrate RAILS_ENV=development

You have 1 pending migration:

20210301143926_create_users.rb


):
  
activerecord (6.1.3) lib/active_record/migration.rb:625:in `check_pending!'
activerecord (6.1.3) lib/active_record/migration.rb:590:in `block (2 levels) in call'
activesupport (6.1.3) lib/active_support/evented_file_update_checker.rb:59:in `execute'
activerecord (6.1.3) lib/active_record/migration.rb:595:in `block in call'
activerecord (6.1.3) lib/active_record/migration.rb:587:in `synchronize'
activerecord (6.1.3) lib/active_record/migration.rb:587:in `call'
actionpack (6.1.3) lib/action_dispatch/middleware/callbacks.rb:27:in `block in call'
activesupport (6.1.3) lib/active_support/callbacks.rb:98:in `run_callbacks'
actionpack (6.1.3) lib/action_dispatch/middleware/callbacks.rb:26:in `call'
actionpack (6.1.3) lib/action_dispatch/middleware/executor.rb:14:in `call'
actionpack (6.1.3) lib/action_dispatch/middleware/actionable_exceptions.rb:18:in `call'
actionpack (6.1.3) lib/action_dispatch/middleware/debug_exceptions.rb:29:in `call'
web-console (4.1.0) lib/web_console/middleware.rb:132:in `call_app'
web-console (4.1.0) lib/web_console/middleware.rb:28:in `block in call'
web-console (4.1.0) lib/web_console/middleware.rb:17:in `catch'
web-console (4.1.0) lib/web_console/middleware.rb:17:in `call'
actionpack (6.1.3) lib/action_dispatch/middleware/show_exceptions.rb:33:in `call'
railties (6.1.3) lib/rails/rack/logger.rb:37:in `call_app'
railties (6.1.3) lib/rails/rack/logger.rb:26:in `block in call'
activesupport (6.1.3) lib/active_support/tagged_logging.rb:99:in `block in tagged'
activesupport (6.1.3) lib/active_support/tagged_logging.rb:37:in `tagged'
activesupport (6.1.3) lib/active_support/tagged_logging.rb:99:in `tagged'
railties (6.1.3) lib/rails/rack/logger.rb:26:in `call'
sprockets-rails (3.2.2) lib/sprockets/rails/quiet_assets.rb:13:in `call'
actionpack (6.1.3) lib/action_dispatch/middleware/remote_ip.rb:81:in `call'
actionpack (6.1.3) lib/action_dispatch/middleware/request_id.rb:26:in `call'
rack (2.2.3) lib/rack/method_override.rb:24:in `call'
rack (2.2.3) lib/rack/runtime.rb:22:in `call'
activesupport (6.1.3) lib/active_support/cache/strategy/local_cache_middleware.rb:29:in `call'
actionpack (6.1.3) lib/action_dispatch/middleware/executor.rb:14:in `call'
actionpack (6.1.3) lib/action_dispatch/middleware/static.rb:24:in `call'
rack (2.2.3) lib/rack/sendfile.rb:110:in `call'
actionpack (6.1.3) lib/action_dispatch/middleware/host_authorization.rb:98:in `call'
rack-mini-profiler (2.3.1) lib/mini_profiler/profiler.rb:373:in `call'
webpacker (5.2.1) lib/webpacker/dev_server_proxy.rb:25:in `perform_request'
rack-proxy (0.6.5) lib/rack/proxy.rb:57:in `call'
railties (6.1.3) lib/rails/engine.rb:539:in `call'
puma (5.2.1) lib/puma/configuration.rb:247:in `call'
puma (5.2.1) lib/puma/request.rb:76:in `block in handle_request'
puma (5.2.1) lib/puma/thread_pool.rb:337:in `with_force_shutdown'
puma (5.2.1) lib/puma/request.rb:75:in `handle_request'
puma (5.2.1) lib/puma/server.rb:431:in `process_client'
puma (5.2.1) lib/puma/thread_pool.rb:145:in `block in spawn_thread'
Started POST "/rails/actions" for 127.0.0.1 at 2021-03-02 10:58:12 -0400
  [1m[35m (0.2ms)[0m  [1m[34mSELECT "schema_migrations"."version" FROM "schema_migrations" ORDER BY "schema_migrations"."version" ASC[0m
Migrating to CreateUsers (20210301143926)
  [1m[36mTRANSACTION (0.1ms)[0m  [1m[36mbegin transaction[0m
  [1m[35m (1.8ms)[0m  [1m[35mCREATE TABLE "users" ("id" integer PRIMARY KEY AUTOINCREMENT NOT NULL, "username" varchar, "email" varchar, "password" varchar, "created_at" datetime(6) NOT NULL, "updated_at" datetime(6) NOT NULL)[0m
  [1m[36mTRANSACTION (0.3ms)[0m  [1m[31mrollback transaction[0m
  
StandardError (An error has occurred, this and all later migrations canceled:

SQLite3::SQLException: table "users" already exists):
  
sqlite3 (1.4.2) lib/sqlite3/database.rb:147:in `initialize'
sqlite3 (1.4.2) lib/sqlite3/database.rb:147:in `new'
sqlite3 (1.4.2) lib/sqlite3/database.rb:147:in `prepare'
sqlite3 (1.4.2) lib/sqlite3/database.rb:193:in `execute'
activerecord (6.1.3) lib/active_record/connection_adapters/sqlite3/database_statements.rb:31:in `block (2 levels) in execute'
activesupport (6.1.3) lib/active_support/dependencies/interlock.rb:48:in `block in permit_concurrent_loads'
activesupport (6.1.3) lib/active_support/concurrency/share_lock.rb:187:in `yield_shares'
activesupport (6.1.3) lib/active_support/dependencies/interlock.rb:47:in `permit_concurrent_loads'
activerecord (6.1.3) lib/active_record/connection_adapters/sqlite3/database_statements.rb:30:in `block in execute'
activerecord (6.1.3) lib/active_record/connection_adapters/abstract_adapter.rb:696:in `block (2 levels) in log'
activesupport (6.1.3) lib/active_support/concurrency/load_interlock_aware_monitor.rb:26:in `block (2 levels) in synchronize'
activesupport (6.1.3) lib/active_support/concurrency/load_interlock_aware_monitor.rb:25:in `handle_interrupt'
activesupport (6.1.3) lib/active_support/concurrency/load_interlock_aware_monitor.rb:25:in `block in synchronize'
activesupport (6.1.3) lib/active_support/concurrency/load_interlock_aware_monitor.rb:21:in `handle_interrupt'
activesupport (6.1.3) lib/active_support/concurrency/load_interlock_aware_monitor.rb:21:in `synchronize'
activerecord (6.1.3) lib/active_record/connection_adapters/abstract_adapter.rb:695:in `block in log'
activesupport (6.1.3) lib/active_support/notifications/instrumenter.rb:24:in `instrument'
activerecord (6.1.3) lib/active_record/connection_adapters/abstract_adapter.rb:687:in `log'
activerecord (6.1.3) lib/active_record/connection_adapters/sqlite3/database_statements.rb:29:in `execute'
activerecord (6.1.3) lib/active_record/connection_adapters/abstract/schema_statements.rb:322:in `create_table'
activerecord (6.1.3) lib/active_record/migration.rb:929:in `block in method_missing'
activerecord (6.1.3) lib/active_record/migration.rb:897:in `block in say_with_time'
/home/franklin/.rbenv/versions/3.0.0/lib/ruby/3.0.0/benchmark.rb:293:in `measure'
activerecord (6.1.3) lib/active_record/migration.rb:897:in `say_with_time'
activerecord (6.1.3) lib/active_record/migration.rb:918:in `method_missing'
db/migrate/20210301143926_create_users.rb:5:in `change'
activerecord (6.1.3) lib/active_record/migration.rb:867:in `exec_migration'
activerecord (6.1.3) lib/active_record/migration.rb:851:in `block (2 levels) in migrate'
/home/franklin/.rbenv/versions/3.0.0/lib/ruby/3.0.0/benchmark.rb:293:in `measure'
activerecord (6.1.3) lib/active_record/migration.rb:850:in `block in migrate'
activerecord (6.1.3) lib/active_record/connection_adapters/abstract/connection_pool.rb:462:in `with_connection'
activerecord (6.1.3) lib/active_record/migration.rb:849:in `migrate'
activerecord (6.1.3) lib/active_record/migration.rb:1037:in `migrate'
activerecord (6.1.3) lib/active_record/migration.rb:1329:in `block in execute_migration_in_transaction'
activerecord (6.1.3) lib/active_record/migration.rb:1380:in `block in ddl_transaction'
activerecord (6.1.3) lib/active_record/connection_adapters/abstract/database_statements.rb:320:in `block in transaction'
activerecord (6.1.3) lib/active_record/connection_adapters/abstract/transaction.rb:310:in `block in within_new_transaction'
activesupport (6.1.3) lib/active_support/concurrency/load_interlock_aware_monitor.rb:26:in `block (2 levels) in synchronize'
activesupport (6.1.3) lib/active_support/concurrency/load_interlock_aware_monitor.rb:25:in `handle_interrupt'
activesupport (6.1.3) lib/active_support/concurrency/load_interlock_aware_monitor.rb:25:in `block in synchronize'
activesupport (6.1.3) lib/active_support/concurrency/load_interlock_aware_monitor.rb:21:in `handle_interrupt'
activesupport (6.1.3) lib/active_support/concurrency/load_interlock_aware_monitor.rb:21:in `synchronize'
activerecord (6.1.3) lib/active_record/connection_adapters/abstract/transaction.rb:308:in `within_new_transaction'
activerecord (6.1.3) lib/active_record/connection_adapters/abstract/database_statements.rb:320:in `transaction'
activerecord (6.1.3) lib/active_record/transactions.rb:209:in `transaction'
activerecord (6.1.3) lib/active_record/migration.rb:1380:in `ddl_transaction'
activerecord (6.1.3) lib/active_record/migration.rb:1328:in `execute_migration_in_transaction'
activerecord (6.1.3) lib/active_record/migration.rb:1302:in `each'
activerecord (6.1.3) lib/active_record/migration.rb:1302:in `migrate_without_lock'
activerecord (6.1.3) lib/active_record/migration.rb:1253:in `migrate'
activerecord (6.1.3) lib/active_record/migration.rb:1086:in `up'
activerecord (6.1.3) lib/active_record/migration.rb:1061:in `migrate'
activerecord (6.1.3) lib/active_record/tasks/database_tasks.rb:237:in `migrate'
activerecord (6.1.3) lib/active_record/migration.rb:137:in `block in <class:PendingMigrationError>'
activesupport (6.1.3) lib/active_support/actionable_error.rb:28:in `dispatch'
actionpack (6.1.3) lib/action_dispatch/middleware/actionable_exceptions.rb:20:in `call'
actionpack (6.1.3) lib/action_dispatch/middleware/debug_exceptions.rb:29:in `call'
web-console (4.1.0) lib/web_console/middleware.rb:132:in `call_app'
web-console (4.1.0) lib/web_console/middleware.rb:28:in `block in call'
web-console (4.1.0) lib/web_console/middleware.rb:17:in `catch'
web-console (4.1.0) lib/web_console/middleware.rb:17:in `call'
actionpack (6.1.3) lib/action_dispatch/middleware/show_exceptions.rb:33:in `call'
railties (6.1.3) lib/rails/rack/logger.rb:37:in `call_app'
railties (6.1.3) lib/rails/rack/logger.rb:26:in `block in call'
activesupport (6.1.3) lib/active_support/tagged_logging.rb:99:in `block in tagged'
activesupport (6.1.3) lib/active_support/tagged_logging.rb:37:in `tagged'
activesupport (6.1.3) lib/active_support/tagged_logging.rb:99:in `tagged'
railties (6.1.3) lib/rails/rack/logger.rb:26:in `call'
sprockets-rails (3.2.2) lib/sprockets/rails/quiet_assets.rb:13:in `call'
actionpack (6.1.3) lib/action_dispatch/middleware/remote_ip.rb:81:in `call'
actionpack (6.1.3) lib/action_dispatch/middleware/request_id.rb:26:in `call'
rack (2.2.3) lib/rack/method_override.rb:24:in `call'
rack (2.2.3) lib/rack/runtime.rb:22:in `call'
activesupport (6.1.3) lib/active_support/cache/strategy/local_cache_middleware.rb:29:in `call'
actionpack (6.1.3) lib/action_dispatch/middleware/executor.rb:14:in `call'
actionpack (6.1.3) lib/action_dispatch/middleware/static.rb:24:in `call'
rack (2.2.3) lib/rack/sendfile.rb:110:in `call'
actionpack (6.1.3) lib/action_dispatch/middleware/host_authorization.rb:98:in `call'
rack-mini-profiler (2.3.1) lib/mini_profiler/profiler.rb:373:in `call'
webpacker (5.2.1) lib/webpacker/dev_server_proxy.rb:25:in `perform_request'
rack-proxy (0.6.5) lib/rack/proxy.rb:57:in `call'
railties (6.1.3) lib/rails/engine.rb:539:in `call'
puma (5.2.1) lib/puma/configuration.rb:247:in `call'
puma (5.2.1) lib/puma/request.rb:76:in `block in handle_request'
puma (5.2.1) lib/puma/thread_pool.rb:337:in `with_force_shutdown'
puma (5.2.1) lib/puma/request.rb:75:in `handle_request'
puma (5.2.1) lib/puma/server.rb:431:in `process_client'
puma (5.2.1) lib/puma/thread_pool.rb:145:in `block in spawn_thread'
Started POST "/rails/actions" for 127.0.0.1 at 2021-03-02 11:00:54 -0400
  [1m[35m (0.2ms)[0m  [1m[34mSELECT "schema_migrations"."version" FROM "schema_migrations" ORDER BY "schema_migrations"."version" ASC[0m
Migrating to CreateUsers (20210301143926)
  [1m[36mTRANSACTION (0.6ms)[0m  [1m[36mbegin transaction[0m
  [1m[35m (2.3ms)[0m  [1m[35mCREATE TABLE "users" ("id" integer PRIMARY KEY AUTOINCREMENT NOT NULL, "username" varchar, "email" varchar, "password" varchar, "created_at" datetime(6) NOT NULL, "updated_at" datetime(6) NOT NULL)[0m
  [1m[36mTRANSACTION (0.1ms)[0m  [1m[31mrollback transaction[0m
  
StandardError (An error has occurred, this and all later migrations canceled:

SQLite3::SQLException: table "users" already exists):
  
sqlite3 (1.4.2) lib/sqlite3/database.rb:147:in `initialize'
sqlite3 (1.4.2) lib/sqlite3/database.rb:147:in `new'
sqlite3 (1.4.2) lib/sqlite3/database.rb:147:in `prepare'
sqlite3 (1.4.2) lib/sqlite3/database.rb:193:in `execute'
activerecord (6.1.3) lib/active_record/connection_adapters/sqlite3/database_statements.rb:31:in `block (2 levels) in execute'
activesupport (6.1.3) lib/active_support/dependencies/interlock.rb:48:in `block in permit_concurrent_loads'
activesupport (6.1.3) lib/active_support/concurrency/share_lock.rb:187:in `yield_shares'
activesupport (6.1.3) lib/active_support/dependencies/interlock.rb:47:in `permit_concurrent_loads'
activerecord (6.1.3) lib/active_record/connection_adapters/sqlite3/database_statements.rb:30:in `block in execute'
activerecord (6.1.3) lib/active_record/connection_adapters/abstract_adapter.rb:696:in `block (2 levels) in log'
activesupport (6.1.3) lib/active_support/concurrency/load_interlock_aware_monitor.rb:26:in `block (2 levels) in synchronize'
activesupport (6.1.3) lib/active_support/concurrency/load_interlock_aware_monitor.rb:25:in `handle_interrupt'
activesupport (6.1.3) lib/active_support/concurrency/load_interlock_aware_monitor.rb:25:in `block in synchronize'
activesupport (6.1.3) lib/active_support/concurrency/load_interlock_aware_monitor.rb:21:in `handle_interrupt'
activesupport (6.1.3) lib/active_support/concurrency/load_interlock_aware_monitor.rb:21:in `synchronize'
activerecord (6.1.3) lib/active_record/connection_adapters/abstract_adapter.rb:695:in `block in log'
activesupport (6.1.3) lib/active_support/notifications/instrumenter.rb:24:in `instrument'
activerecord (6.1.3) lib/active_record/connection_adapters/abstract_adapter.rb:687:in `log'
activerecord (6.1.3) lib/active_record/connection_adapters/sqlite3/database_statements.rb:29:in `execute'
activerecord (6.1.3) lib/active_record/connection_adapters/abstract/schema_statements.rb:322:in `create_table'
activerecord (6.1.3) lib/active_record/migration.rb:929:in `block in method_missing'
activerecord (6.1.3) lib/active_record/migration.rb:897:in `block in say_with_time'
/home/franklin/.rbenv/versions/3.0.0/lib/ruby/3.0.0/benchmark.rb:293:in `measure'
activerecord (6.1.3) lib/active_record/migration.rb:897:in `say_with_time'
activerecord (6.1.3) lib/active_record/migration.rb:918:in `method_missing'
db/migrate/20210301143926_create_users.rb:5:in `change'
activerecord (6.1.3) lib/active_record/migration.rb:867:in `exec_migration'
activerecord (6.1.3) lib/active_record/migration.rb:851:in `block (2 levels) in migrate'
/home/franklin/.rbenv/versions/3.0.0/lib/ruby/3.0.0/benchmark.rb:293:in `measure'
activerecord (6.1.3) lib/active_record/migration.rb:850:in `block in migrate'
activerecord (6.1.3) lib/active_record/connection_adapters/abstract/connection_pool.rb:462:in `with_connection'
activerecord (6.1.3) lib/active_record/migration.rb:849:in `migrate'
activerecord (6.1.3) lib/active_record/migration.rb:1037:in `migrate'
activerecord (6.1.3) lib/active_record/migration.rb:1329:in `block in execute_migration_in_transaction'
activerecord (6.1.3) lib/active_record/migration.rb:1380:in `block in ddl_transaction'
activerecord (6.1.3) lib/active_record/connection_adapters/abstract/database_statements.rb:320:in `block in transaction'
activerecord (6.1.3) lib/active_record/connection_adapters/abstract/transaction.rb:310:in `block in within_new_transaction'
activesupport (6.1.3) lib/active_support/concurrency/load_interlock_aware_monitor.rb:26:in `block (2 levels) in synchronize'
activesupport (6.1.3) lib/active_support/concurrency/load_interlock_aware_monitor.rb:25:in `handle_interrupt'
activesupport (6.1.3) lib/active_support/concurrency/load_interlock_aware_monitor.rb:25:in `block in synchronize'
activesupport (6.1.3) lib/active_support/concurrency/load_interlock_aware_monitor.rb:21:in `handle_interrupt'
activesupport (6.1.3) lib/active_support/concurrency/load_interlock_aware_monitor.rb:21:in `synchronize'
activerecord (6.1.3) lib/active_record/connection_adapters/abstract/transaction.rb:308:in `within_new_transaction'
activerecord (6.1.3) lib/active_record/connection_adapters/abstract/database_statements.rb:320:in `transaction'
activerecord (6.1.3) lib/active_record/transactions.rb:209:in `transaction'
activerecord (6.1.3) lib/active_record/migration.rb:1380:in `ddl_transaction'
activerecord (6.1.3) lib/active_record/migration.rb:1328:in `execute_migration_in_transaction'
activerecord (6.1.3) lib/active_record/migration.rb:1302:in `each'
activerecord (6.1.3) lib/active_record/migration.rb:1302:in `migrate_without_lock'
activerecord (6.1.3) lib/active_record/migration.rb:1253:in `migrate'
activerecord (6.1.3) lib/active_record/migration.rb:1086:in `up'
activerecord (6.1.3) lib/active_record/migration.rb:1061:in `migrate'
activerecord (6.1.3) lib/active_record/tasks/database_tasks.rb:237:in `migrate'
activerecord (6.1.3) lib/active_record/migration.rb:137:in `block in <class:PendingMigrationError>'
activesupport (6.1.3) lib/active_support/actionable_error.rb:28:in `dispatch'
actionpack (6.1.3) lib/action_dispatch/middleware/actionable_exceptions.rb:20:in `call'
actionpack (6.1.3) lib/action_dispatch/middleware/debug_exceptions.rb:29:in `call'
web-console (4.1.0) lib/web_console/middleware.rb:132:in `call_app'
web-console (4.1.0) lib/web_console/middleware.rb:28:in `block in call'
web-console (4.1.0) lib/web_console/middleware.rb:17:in `catch'
web-console (4.1.0) lib/web_console/middleware.rb:17:in `call'
actionpack (6.1.3) lib/action_dispatch/middleware/show_exceptions.rb:33:in `call'
railties (6.1.3) lib/rails/rack/logger.rb:37:in `call_app'
railties (6.1.3) lib/rails/rack/logger.rb:26:in `block in call'
activesupport (6.1.3) lib/active_support/tagged_logging.rb:99:in `block in tagged'
activesupport (6.1.3) lib/active_support/tagged_logging.rb:37:in `tagged'
activesupport (6.1.3) lib/active_support/tagged_logging.rb:99:in `tagged'
railties (6.1.3) lib/rails/rack/logger.rb:26:in `call'
sprockets-rails (3.2.2) lib/sprockets/rails/quiet_assets.rb:13:in `call'
actionpack (6.1.3) lib/action_dispatch/middleware/remote_ip.rb:81:in `call'
actionpack (6.1.3) lib/action_dispatch/middleware/request_id.rb:26:in `call'
rack (2.2.3) lib/rack/method_override.rb:24:in `call'
rack (2.2.3) lib/rack/runtime.rb:22:in `call'
activesupport (6.1.3) lib/active_support/cache/strategy/local_cache_middleware.rb:29:in `call'
actionpack (6.1.3) lib/action_dispatch/middleware/executor.rb:14:in `call'
actionpack (6.1.3) lib/action_dispatch/middleware/static.rb:24:in `call'
rack (2.2.3) lib/rack/sendfile.rb:110:in `call'
actionpack (6.1.3) lib/action_dispatch/middleware/host_authorization.rb:98:in `call'
rack-mini-profiler (2.3.1) lib/mini_profiler/profiler.rb:373:in `call'
webpacker (5.2.1) lib/webpacker/dev_server_proxy.rb:25:in `perform_request'
rack-proxy (0.6.5) lib/rack/proxy.rb:57:in `call'
railties (6.1.3) lib/rails/engine.rb:539:in `call'
puma (5.2.1) lib/puma/configuration.rb:247:in `call'
puma (5.2.1) lib/puma/request.rb:76:in `block in handle_request'
puma (5.2.1) lib/puma/thread_pool.rb:337:in `with_force_shutdown'
puma (5.2.1) lib/puma/request.rb:75:in `handle_request'
puma (5.2.1) lib/puma/server.rb:431:in `process_client'
puma (5.2.1) lib/puma/thread_pool.rb:145:in `block in spawn_thread'
Started GET "/" for 127.0.0.1 at 2021-03-02 11:00:59 -0400
  [1m[35m (0.2ms)[0m  [1m[34mSELECT "schema_migrations"."version" FROM "schema_migrations" ORDER BY "schema_migrations"."version" ASC[0m
  [1m[35mCACHE  (0.0ms)[0m  [1m[34mSELECT "schema_migrations"."version" FROM "schema_migrations" ORDER BY "schema_migrations"."version" ASC[0m
  
ActiveRecord::PendingMigrationError (

Migrations are pending. To resolve this issue, run:

        bin/rails db:migrate RAILS_ENV=development

You have 1 pending migration:

20210301143926_create_users.rb


):
  
activerecord (6.1.3) lib/active_record/migration.rb:625:in `check_pending!'
activerecord (6.1.3) lib/active_record/migration.rb:590:in `block (2 levels) in call'
activesupport (6.1.3) lib/active_support/evented_file_update_checker.rb:59:in `execute'
activerecord (6.1.3) lib/active_record/migration.rb:595:in `block in call'
activerecord (6.1.3) lib/active_record/migration.rb:587:in `synchronize'
activerecord (6.1.3) lib/active_record/migration.rb:587:in `call'
actionpack (6.1.3) lib/action_dispatch/middleware/callbacks.rb:27:in `block in call'
activesupport (6.1.3) lib/active_support/callbacks.rb:98:in `run_callbacks'
actionpack (6.1.3) lib/action_dispatch/middleware/callbacks.rb:26:in `call'
actionpack (6.1.3) lib/action_dispatch/middleware/executor.rb:14:in `call'
actionpack (6.1.3) lib/action_dispatch/middleware/actionable_exceptions.rb:18:in `call'
actionpack (6.1.3) lib/action_dispatch/middleware/debug_exceptions.rb:29:in `call'
web-console (4.1.0) lib/web_console/middleware.rb:132:in `call_app'
web-console (4.1.0) lib/web_console/middleware.rb:28:in `block in call'
web-console (4.1.0) lib/web_console/middleware.rb:17:in `catch'
web-console (4.1.0) lib/web_console/middleware.rb:17:in `call'
actionpack (6.1.3) lib/action_dispatch/middleware/show_exceptions.rb:33:in `call'
railties (6.1.3) lib/rails/rack/logger.rb:37:in `call_app'
railties (6.1.3) lib/rails/rack/logger.rb:26:in `block in call'
activesupport (6.1.3) lib/active_support/tagged_logging.rb:99:in `block in tagged'
activesupport (6.1.3) lib/active_support/tagged_logging.rb:37:in `tagged'
activesupport (6.1.3) lib/active_support/tagged_logging.rb:99:in `tagged'
railties (6.1.3) lib/rails/rack/logger.rb:26:in `call'
sprockets-rails (3.2.2) lib/sprockets/rails/quiet_assets.rb:13:in `call'
actionpack (6.1.3) lib/action_dispatch/middleware/remote_ip.rb:81:in `call'
actionpack (6.1.3) lib/action_dispatch/middleware/request_id.rb:26:in `call'
rack (2.2.3) lib/rack/method_override.rb:24:in `call'
rack (2.2.3) lib/rack/runtime.rb:22:in `call'
activesupport (6.1.3) lib/active_support/cache/strategy/local_cache_middleware.rb:29:in `call'
actionpack (6.1.3) lib/action_dispatch/middleware/executor.rb:14:in `call'
actionpack (6.1.3) lib/action_dispatch/middleware/static.rb:24:in `call'
rack (2.2.3) lib/rack/sendfile.rb:110:in `call'
actionpack (6.1.3) lib/action_dispatch/middleware/host_authorization.rb:98:in `call'
rack-mini-profiler (2.3.1) lib/mini_profiler/profiler.rb:373:in `call'
webpacker (5.2.1) lib/webpacker/dev_server_proxy.rb:25:in `perform_request'
rack-proxy (0.6.5) lib/rack/proxy.rb:57:in `call'
railties (6.1.3) lib/rails/engine.rb:539:in `call'
puma (5.2.1) lib/puma/configuration.rb:247:in `call'
puma (5.2.1) lib/puma/request.rb:76:in `block in handle_request'
puma (5.2.1) lib/puma/thread_pool.rb:337:in `with_force_shutdown'
puma (5.2.1) lib/puma/request.rb:75:in `handle_request'
puma (5.2.1) lib/puma/server.rb:431:in `process_client'
puma (5.2.1) lib/puma/thread_pool.rb:145:in `block in spawn_thread'
Started GET "/" for 127.0.0.1 at 2021-03-02 11:01:11 -0400
  [1m[35m (0.2ms)[0m  [1m[34mSELECT "schema_migrations"."version" FROM "schema_migrations" ORDER BY "schema_migrations"."version" ASC[0m
  [1m[35mCACHE  (0.0ms)[0m  [1m[34mSELECT "schema_migrations"."version" FROM "schema_migrations" ORDER BY "schema_migrations"."version" ASC[0m
  
ActiveRecord::PendingMigrationError (

Migrations are pending. To resolve this issue, run:

        bin/rails db:migrate RAILS_ENV=development

You have 1 pending migration:

20210301143926_create_users.rb


):
  
activerecord (6.1.3) lib/active_record/migration.rb:625:in `check_pending!'
activerecord (6.1.3) lib/active_record/migration.rb:590:in `block (2 levels) in call'
activesupport (6.1.3) lib/active_support/evented_file_update_checker.rb:59:in `execute'
activerecord (6.1.3) lib/active_record/migration.rb:595:in `block in call'
activerecord (6.1.3) lib/active_record/migration.rb:587:in `synchronize'
activerecord (6.1.3) lib/active_record/migration.rb:587:in `call'
actionpack (6.1.3) lib/action_dispatch/middleware/callbacks.rb:27:in `block in call'
activesupport (6.1.3) lib/active_support/callbacks.rb:98:in `run_callbacks'
actionpack (6.1.3) lib/action_dispatch/middleware/callbacks.rb:26:in `call'
actionpack (6.1.3) lib/action_dispatch/middleware/executor.rb:14:in `call'
actionpack (6.1.3) lib/action_dispatch/middleware/actionable_exceptions.rb:18:in `call'
actionpack (6.1.3) lib/action_dispatch/middleware/debug_exceptions.rb:29:in `call'
web-console (4.1.0) lib/web_console/middleware.rb:132:in `call_app'
web-console (4.1.0) lib/web_console/middleware.rb:28:in `block in call'
web-console (4.1.0) lib/web_console/middleware.rb:17:in `catch'
web-console (4.1.0) lib/web_console/middleware.rb:17:in `call'
actionpack (6.1.3) lib/action_dispatch/middleware/show_exceptions.rb:33:in `call'
railties (6.1.3) lib/rails/rack/logger.rb:37:in `call_app'
railties (6.1.3) lib/rails/rack/logger.rb:26:in `block in call'
activesupport (6.1.3) lib/active_support/tagged_logging.rb:99:in `block in tagged'
activesupport (6.1.3) lib/active_support/tagged_logging.rb:37:in `tagged'
activesupport (6.1.3) lib/active_support/tagged_logging.rb:99:in `tagged'
railties (6.1.3) lib/rails/rack/logger.rb:26:in `call'
sprockets-rails (3.2.2) lib/sprockets/rails/quiet_assets.rb:13:in `call'
actionpack (6.1.3) lib/action_dispatch/middleware/remote_ip.rb:81:in `call'
actionpack (6.1.3) lib/action_dispatch/middleware/request_id.rb:26:in `call'
rack (2.2.3) lib/rack/method_override.rb:24:in `call'
rack (2.2.3) lib/rack/runtime.rb:22:in `call'
activesupport (6.1.3) lib/active_support/cache/strategy/local_cache_middleware.rb:29:in `call'
actionpack (6.1.3) lib/action_dispatch/middleware/executor.rb:14:in `call'
actionpack (6.1.3) lib/action_dispatch/middleware/static.rb:24:in `call'
rack (2.2.3) lib/rack/sendfile.rb:110:in `call'
actionpack (6.1.3) lib/action_dispatch/middleware/host_authorization.rb:98:in `call'
rack-mini-profiler (2.3.1) lib/mini_profiler/profiler.rb:373:in `call'
webpacker (5.2.1) lib/webpacker/dev_server_proxy.rb:25:in `perform_request'
rack-proxy (0.6.5) lib/rack/proxy.rb:57:in `call'
railties (6.1.3) lib/rails/engine.rb:539:in `call'
puma (5.2.1) lib/puma/configuration.rb:247:in `call'
puma (5.2.1) lib/puma/request.rb:76:in `block in handle_request'
puma (5.2.1) lib/puma/thread_pool.rb:337:in `with_force_shutdown'
puma (5.2.1) lib/puma/request.rb:75:in `handle_request'
puma (5.2.1) lib/puma/server.rb:431:in `process_client'
puma (5.2.1) lib/puma/thread_pool.rb:145:in `block in spawn_thread'
Started POST "/rails/actions" for 127.0.0.1 at 2021-03-02 11:09:10 -0400
  [1m[35m (0.1ms)[0m  [1m[34mSELECT sqlite_version(*)[0m
  [1m[35m (1.2ms)[0m  [1m[34mSELECT "schema_migrations"."version" FROM "schema_migrations" ORDER BY "schema_migrations"."version" ASC[0m
Migrating to CreateUsers (20210301143926)
  [1m[36mTRANSACTION (0.1ms)[0m  [1m[36mbegin transaction[0m
  [1m[35m (0.6ms)[0m  [1m[35mCREATE TABLE "users" ("id" integer PRIMARY KEY AUTOINCREMENT NOT NULL, "username" varchar, "email" varchar, "password" varchar, "created_at" datetime(6) NOT NULL, "updated_at" datetime(6) NOT NULL)[0m
  [1m[36mTRANSACTION (0.1ms)[0m  [1m[31mrollback transaction[0m
  
StandardError (An error has occurred, this and all later migrations canceled:

SQLite3::SQLException: table "users" already exists):
  
sqlite3 (1.4.2) lib/sqlite3/database.rb:147:in `initialize'
sqlite3 (1.4.2) lib/sqlite3/database.rb:147:in `new'
sqlite3 (1.4.2) lib/sqlite3/database.rb:147:in `prepare'
sqlite3 (1.4.2) lib/sqlite3/database.rb:193:in `execute'
activerecord (6.1.3) lib/active_record/connection_adapters/sqlite3/database_statements.rb:31:in `block (2 levels) in execute'
activesupport (6.1.3) lib/active_support/dependencies/interlock.rb:48:in `block in permit_concurrent_loads'
activesupport (6.1.3) lib/active_support/concurrency/share_lock.rb:187:in `yield_shares'
activesupport (6.1.3) lib/active_support/dependencies/interlock.rb:47:in `permit_concurrent_loads'
activerecord (6.1.3) lib/active_record/connection_adapters/sqlite3/database_statements.rb:30:in `block in execute'
activerecord (6.1.3) lib/active_record/connection_adapters/abstract_adapter.rb:696:in `block (2 levels) in log'
activesupport (6.1.3) lib/active_support/concurrency/load_interlock_aware_monitor.rb:26:in `block (2 levels) in synchronize'
activesupport (6.1.3) lib/active_support/concurrency/load_interlock_aware_monitor.rb:25:in `handle_interrupt'
activesupport (6.1.3) lib/active_support/concurrency/load_interlock_aware_monitor.rb:25:in `block in synchronize'
activesupport (6.1.3) lib/active_support/concurrency/load_interlock_aware_monitor.rb:21:in `handle_interrupt'
activesupport (6.1.3) lib/active_support/concurrency/load_interlock_aware_monitor.rb:21:in `synchronize'
activerecord (6.1.3) lib/active_record/connection_adapters/abstract_adapter.rb:695:in `block in log'
activesupport (6.1.3) lib/active_support/notifications/instrumenter.rb:24:in `instrument'
activerecord (6.1.3) lib/active_record/connection_adapters/abstract_adapter.rb:687:in `log'
activerecord (6.1.3) lib/active_record/connection_adapters/sqlite3/database_statements.rb:29:in `execute'
activerecord (6.1.3) lib/active_record/connection_adapters/abstract/schema_statements.rb:322:in `create_table'
activerecord (6.1.3) lib/active_record/migration.rb:929:in `block in method_missing'
activerecord (6.1.3) lib/active_record/migration.rb:897:in `block in say_with_time'
/home/franklin/.rbenv/versions/3.0.0/lib/ruby/3.0.0/benchmark.rb:293:in `measure'
activerecord (6.1.3) lib/active_record/migration.rb:897:in `say_with_time'
activerecord (6.1.3) lib/active_record/migration.rb:918:in `method_missing'
db/migrate/20210301143926_create_users.rb:5:in `change'
activerecord (6.1.3) lib/active_record/migration.rb:867:in `exec_migration'
activerecord (6.1.3) lib/active_record/migration.rb:851:in `block (2 levels) in migrate'
/home/franklin/.rbenv/versions/3.0.0/lib/ruby/3.0.0/benchmark.rb:293:in `measure'
activerecord (6.1.3) lib/active_record/migration.rb:850:in `block in migrate'
activerecord (6.1.3) lib/active_record/connection_adapters/abstract/connection_pool.rb:462:in `with_connection'
activerecord (6.1.3) lib/active_record/migration.rb:849:in `migrate'
activerecord (6.1.3) lib/active_record/migration.rb:1037:in `migrate'
activerecord (6.1.3) lib/active_record/migration.rb:1329:in `block in execute_migration_in_transaction'
activerecord (6.1.3) lib/active_record/migration.rb:1380:in `block in ddl_transaction'
activerecord (6.1.3) lib/active_record/connection_adapters/abstract/database_statements.rb:320:in `block in transaction'
activerecord (6.1.3) lib/active_record/connection_adapters/abstract/transaction.rb:310:in `block in within_new_transaction'
activesupport (6.1.3) lib/active_support/concurrency/load_interlock_aware_monitor.rb:26:in `block (2 levels) in synchronize'
activesupport (6.1.3) lib/active_support/concurrency/load_interlock_aware_monitor.rb:25:in `handle_interrupt'
activesupport (6.1.3) lib/active_support/concurrency/load_interlock_aware_monitor.rb:25:in `block in synchronize'
activesupport (6.1.3) lib/active_support/concurrency/load_interlock_aware_monitor.rb:21:in `handle_interrupt'
activesupport (6.1.3) lib/active_support/concurrency/load_interlock_aware_monitor.rb:21:in `synchronize'
activerecord (6.1.3) lib/active_record/connection_adapters/abstract/transaction.rb:308:in `within_new_transaction'
activerecord (6.1.3) lib/active_record/connection_adapters/abstract/database_statements.rb:320:in `transaction'
activerecord (6.1.3) lib/active_record/transactions.rb:209:in `transaction'
activerecord (6.1.3) lib/active_record/migration.rb:1380:in `ddl_transaction'
activerecord (6.1.3) lib/active_record/migration.rb:1328:in `execute_migration_in_transaction'
activerecord (6.1.3) lib/active_record/migration.rb:1302:in `each'
activerecord (6.1.3) lib/active_record/migration.rb:1302:in `migrate_without_lock'
activerecord (6.1.3) lib/active_record/migration.rb:1253:in `migrate'
activerecord (6.1.3) lib/active_record/migration.rb:1086:in `up'
activerecord (6.1.3) lib/active_record/migration.rb:1061:in `migrate'
activerecord (6.1.3) lib/active_record/tasks/database_tasks.rb:237:in `migrate'
activerecord (6.1.3) lib/active_record/migration.rb:137:in `block in <class:PendingMigrationError>'
activesupport (6.1.3) lib/active_support/actionable_error.rb:28:in `dispatch'
actionpack (6.1.3) lib/action_dispatch/middleware/actionable_exceptions.rb:20:in `call'
actionpack (6.1.3) lib/action_dispatch/middleware/debug_exceptions.rb:29:in `call'
web-console (4.1.0) lib/web_console/middleware.rb:132:in `call_app'
web-console (4.1.0) lib/web_console/middleware.rb:28:in `block in call'
web-console (4.1.0) lib/web_console/middleware.rb:17:in `catch'
web-console (4.1.0) lib/web_console/middleware.rb:17:in `call'
actionpack (6.1.3) lib/action_dispatch/middleware/show_exceptions.rb:33:in `call'
railties (6.1.3) lib/rails/rack/logger.rb:37:in `call_app'
railties (6.1.3) lib/rails/rack/logger.rb:26:in `block in call'
activesupport (6.1.3) lib/active_support/tagged_logging.rb:99:in `block in tagged'
activesupport (6.1.3) lib/active_support/tagged_logging.rb:37:in `tagged'
activesupport (6.1.3) lib/active_support/tagged_logging.rb:99:in `tagged'
railties (6.1.3) lib/rails/rack/logger.rb:26:in `call'
sprockets-rails (3.2.2) lib/sprockets/rails/quiet_assets.rb:13:in `call'
actionpack (6.1.3) lib/action_dispatch/middleware/remote_ip.rb:81:in `call'
actionpack (6.1.3) lib/action_dispatch/middleware/request_id.rb:26:in `call'
rack (2.2.3) lib/rack/method_override.rb:24:in `call'
rack (2.2.3) lib/rack/runtime.rb:22:in `call'
activesupport (6.1.3) lib/active_support/cache/strategy/local_cache_middleware.rb:29:in `call'
actionpack (6.1.3) lib/action_dispatch/middleware/executor.rb:14:in `call'
actionpack (6.1.3) lib/action_dispatch/middleware/static.rb:24:in `call'
rack (2.2.3) lib/rack/sendfile.rb:110:in `call'
actionpack (6.1.3) lib/action_dispatch/middleware/host_authorization.rb:98:in `call'
rack-mini-profiler (2.3.1) lib/mini_profiler/profiler.rb:373:in `call'
webpacker (5.2.1) lib/webpacker/dev_server_proxy.rb:25:in `perform_request'
rack-proxy (0.6.5) lib/rack/proxy.rb:57:in `call'
railties (6.1.3) lib/rails/engine.rb:539:in `call'
puma (5.2.1) lib/puma/configuration.rb:247:in `call'
puma (5.2.1) lib/puma/request.rb:76:in `block in handle_request'
puma (5.2.1) lib/puma/thread_pool.rb:337:in `with_force_shutdown'
puma (5.2.1) lib/puma/request.rb:75:in `handle_request'
puma (5.2.1) lib/puma/server.rb:431:in `process_client'
puma (5.2.1) lib/puma/thread_pool.rb:145:in `block in spawn_thread'
Started GET "/" for 127.0.0.1 at 2021-03-02 11:09:13 -0400
  [1m[35m (0.2ms)[0m  [1m[34mSELECT "schema_migrations"."version" FROM "schema_migrations" ORDER BY "schema_migrations"."version" ASC[0m
  [1m[35mCACHE  (0.1ms)[0m  [1m[34mSELECT "schema_migrations"."version" FROM "schema_migrations" ORDER BY "schema_migrations"."version" ASC[0m
  
ActiveRecord::PendingMigrationError (

Migrations are pending. To resolve this issue, run:

        bin/rails db:migrate RAILS_ENV=development

You have 1 pending migration:

20210301143926_create_users.rb


):
  
activerecord (6.1.3) lib/active_record/migration.rb:625:in `check_pending!'
activerecord (6.1.3) lib/active_record/migration.rb:590:in `block (2 levels) in call'
activesupport (6.1.3) lib/active_support/evented_file_update_checker.rb:59:in `execute'
activerecord (6.1.3) lib/active_record/migration.rb:595:in `block in call'
activerecord (6.1.3) lib/active_record/migration.rb:587:in `synchronize'
activerecord (6.1.3) lib/active_record/migration.rb:587:in `call'
actionpack (6.1.3) lib/action_dispatch/middleware/callbacks.rb:27:in `block in call'
activesupport (6.1.3) lib/active_support/callbacks.rb:98:in `run_callbacks'
actionpack (6.1.3) lib/action_dispatch/middleware/callbacks.rb:26:in `call'
actionpack (6.1.3) lib/action_dispatch/middleware/executor.rb:14:in `call'
actionpack (6.1.3) lib/action_dispatch/middleware/actionable_exceptions.rb:18:in `call'
actionpack (6.1.3) lib/action_dispatch/middleware/debug_exceptions.rb:29:in `call'
web-console (4.1.0) lib/web_console/middleware.rb:132:in `call_app'
web-console (4.1.0) lib/web_console/middleware.rb:28:in `block in call'
web-console (4.1.0) lib/web_console/middleware.rb:17:in `catch'
web-console (4.1.0) lib/web_console/middleware.rb:17:in `call'
actionpack (6.1.3) lib/action_dispatch/middleware/show_exceptions.rb:33:in `call'
railties (6.1.3) lib/rails/rack/logger.rb:37:in `call_app'
railties (6.1.3) lib/rails/rack/logger.rb:26:in `block in call'
activesupport (6.1.3) lib/active_support/tagged_logging.rb:99:in `block in tagged'
activesupport (6.1.3) lib/active_support/tagged_logging.rb:37:in `tagged'
activesupport (6.1.3) lib/active_support/tagged_logging.rb:99:in `tagged'
railties (6.1.3) lib/rails/rack/logger.rb:26:in `call'
sprockets-rails (3.2.2) lib/sprockets/rails/quiet_assets.rb:13:in `call'
actionpack (6.1.3) lib/action_dispatch/middleware/remote_ip.rb:81:in `call'
actionpack (6.1.3) lib/action_dispatch/middleware/request_id.rb:26:in `call'
rack (2.2.3) lib/rack/method_override.rb:24:in `call'
rack (2.2.3) lib/rack/runtime.rb:22:in `call'
activesupport (6.1.3) lib/active_support/cache/strategy/local_cache_middleware.rb:29:in `call'
actionpack (6.1.3) lib/action_dispatch/middleware/executor.rb:14:in `call'
actionpack (6.1.3) lib/action_dispatch/middleware/static.rb:24:in `call'
rack (2.2.3) lib/rack/sendfile.rb:110:in `call'
actionpack (6.1.3) lib/action_dispatch/middleware/host_authorization.rb:98:in `call'
rack-mini-profiler (2.3.1) lib/mini_profiler/profiler.rb:373:in `call'
webpacker (5.2.1) lib/webpacker/dev_server_proxy.rb:25:in `perform_request'
rack-proxy (0.6.5) lib/rack/proxy.rb:57:in `call'
railties (6.1.3) lib/rails/engine.rb:539:in `call'
puma (5.2.1) lib/puma/configuration.rb:247:in `call'
puma (5.2.1) lib/puma/request.rb:76:in `block in handle_request'
puma (5.2.1) lib/puma/thread_pool.rb:337:in `with_force_shutdown'
puma (5.2.1) lib/puma/request.rb:75:in `handle_request'
puma (5.2.1) lib/puma/server.rb:431:in `process_client'
puma (5.2.1) lib/puma/thread_pool.rb:145:in `block in spawn_thread'
Started GET "/" for 127.0.0.1 at 2021-03-02 11:09:31 -0400
  [1m[35m (0.2ms)[0m  [1m[34mSELECT "schema_migrations"."version" FROM "schema_migrations" ORDER BY "schema_migrations"."version" ASC[0m
  [1m[35mCACHE  (0.0ms)[0m  [1m[34mSELECT "schema_migrations"."version" FROM "schema_migrations" ORDER BY "schema_migrations"."version" ASC[0m
  
ActiveRecord::PendingMigrationError (

Migrations are pending. To resolve this issue, run:

        bin/rails db:migrate RAILS_ENV=development

You have 1 pending migration:

20210301143926_create_users.rb


):
  
activerecord (6.1.3) lib/active_record/migration.rb:625:in `check_pending!'
activerecord (6.1.3) lib/active_record/migration.rb:590:in `block (2 levels) in call'
activesupport (6.1.3) lib/active_support/evented_file_update_checker.rb:59:in `execute'
activerecord (6.1.3) lib/active_record/migration.rb:595:in `block in call'
activerecord (6.1.3) lib/active_record/migration.rb:587:in `synchronize'
activerecord (6.1.3) lib/active_record/migration.rb:587:in `call'
actionpack (6.1.3) lib/action_dispatch/middleware/callbacks.rb:27:in `block in call'
activesupport (6.1.3) lib/active_support/callbacks.rb:98:in `run_callbacks'
actionpack (6.1.3) lib/action_dispatch/middleware/callbacks.rb:26:in `call'
actionpack (6.1.3) lib/action_dispatch/middleware/executor.rb:14:in `call'
actionpack (6.1.3) lib/action_dispatch/middleware/actionable_exceptions.rb:18:in `call'
actionpack (6.1.3) lib/action_dispatch/middleware/debug_exceptions.rb:29:in `call'
web-console (4.1.0) lib/web_console/middleware.rb:132:in `call_app'
web-console (4.1.0) lib/web_console/middleware.rb:28:in `block in call'
web-console (4.1.0) lib/web_console/middleware.rb:17:in `catch'
web-console (4.1.0) lib/web_console/middleware.rb:17:in `call'
actionpack (6.1.3) lib/action_dispatch/middleware/show_exceptions.rb:33:in `call'
railties (6.1.3) lib/rails/rack/logger.rb:37:in `call_app'
railties (6.1.3) lib/rails/rack/logger.rb:26:in `block in call'
activesupport (6.1.3) lib/active_support/tagged_logging.rb:99:in `block in tagged'
activesupport (6.1.3) lib/active_support/tagged_logging.rb:37:in `tagged'
activesupport (6.1.3) lib/active_support/tagged_logging.rb:99:in `tagged'
railties (6.1.3) lib/rails/rack/logger.rb:26:in `call'
sprockets-rails (3.2.2) lib/sprockets/rails/quiet_assets.rb:13:in `call'
actionpack (6.1.3) lib/action_dispatch/middleware/remote_ip.rb:81:in `call'
actionpack (6.1.3) lib/action_dispatch/middleware/request_id.rb:26:in `call'
rack (2.2.3) lib/rack/method_override.rb:24:in `call'
rack (2.2.3) lib/rack/runtime.rb:22:in `call'
activesupport (6.1.3) lib/active_support/cache/strategy/local_cache_middleware.rb:29:in `call'
actionpack (6.1.3) lib/action_dispatch/middleware/executor.rb:14:in `call'
actionpack (6.1.3) lib/action_dispatch/middleware/static.rb:24:in `call'
rack (2.2.3) lib/rack/sendfile.rb:110:in `call'
actionpack (6.1.3) lib/action_dispatch/middleware/host_authorization.rb:98:in `call'
rack-mini-profiler (2.3.1) lib/mini_profiler/profiler.rb:373:in `call'
webpacker (5.2.1) lib/webpacker/dev_server_proxy.rb:25:in `perform_request'
rack-proxy (0.6.5) lib/rack/proxy.rb:57:in `call'
railties (6.1.3) lib/rails/engine.rb:539:in `call'
puma (5.2.1) lib/puma/configuration.rb:247:in `call'
puma (5.2.1) lib/puma/request.rb:76:in `block in handle_request'
puma (5.2.1) lib/puma/thread_pool.rb:337:in `with_force_shutdown'
puma (5.2.1) lib/puma/request.rb:75:in `handle_request'
puma (5.2.1) lib/puma/server.rb:431:in `process_client'
puma (5.2.1) lib/puma/thread_pool.rb:145:in `block in spawn_thread'
  [1m[35m (2.4ms)[0m  [1m[34mSELECT sqlite_version(*)[0m
  [1m[35m (0.5ms)[0m  [1m[34mSELECT "schema_migrations"."version" FROM "schema_migrations" ORDER BY "schema_migrations"."version" ASC[0m
  [1m[35m (0.2ms)[0m  [1m[34mSELECT "schema_migrations"."version" FROM "schema_migrations" ORDER BY "schema_migrations"."version" ASC[0m
  [1m[35m (0.1ms)[0m  [1m[34mSELECT "schema_migrations"."version" FROM "schema_migrations" ORDER BY "schema_migrations"."version" ASC[0m
Started GET "/" for 127.0.0.1 at 2021-03-02 11:12:39 -0400
  [1m[35m (0.8ms)[0m  [1m[34mSELECT sqlite_version(*)[0m
  [1m[35m (0.5ms)[0m  [1m[34mSELECT "schema_migrations"."version" FROM "schema_migrations" ORDER BY "schema_migrations"."version" ASC[0m
  [1m[35mCACHE  (0.0ms)[0m  [1m[34mSELECT "schema_migrations"."version" FROM "schema_migrations" ORDER BY "schema_migrations"."version" ASC[0m
  
ActiveRecord::PendingMigrationError (

Migrations are pending. To resolve this issue, run:

        bin/rails db:migrate RAILS_ENV=development

You have 1 pending migration:

20210301143926_create_users.rb


):
  
activerecord (6.1.3) lib/active_record/migration.rb:625:in `check_pending!'
activerecord (6.1.3) lib/active_record/migration.rb:590:in `block (2 levels) in call'
activesupport (6.1.3) lib/active_support/evented_file_update_checker.rb:59:in `execute'
activerecord (6.1.3) lib/active_record/migration.rb:595:in `block in call'
activerecord (6.1.3) lib/active_record/migration.rb:587:in `synchronize'
activerecord (6.1.3) lib/active_record/migration.rb:587:in `call'
actionpack (6.1.3) lib/action_dispatch/middleware/callbacks.rb:27:in `block in call'
activesupport (6.1.3) lib/active_support/callbacks.rb:98:in `run_callbacks'
actionpack (6.1.3) lib/action_dispatch/middleware/callbacks.rb:26:in `call'
actionpack (6.1.3) lib/action_dispatch/middleware/executor.rb:14:in `call'
actionpack (6.1.3) lib/action_dispatch/middleware/actionable_exceptions.rb:18:in `call'
actionpack (6.1.3) lib/action_dispatch/middleware/debug_exceptions.rb:29:in `call'
web-console (4.1.0) lib/web_console/middleware.rb:132:in `call_app'
web-console (4.1.0) lib/web_console/middleware.rb:28:in `block in call'
web-console (4.1.0) lib/web_console/middleware.rb:17:in `catch'
web-console (4.1.0) lib/web_console/middleware.rb:17:in `call'
actionpack (6.1.3) lib/action_dispatch/middleware/show_exceptions.rb:33:in `call'
railties (6.1.3) lib/rails/rack/logger.rb:37:in `call_app'
railties (6.1.3) lib/rails/rack/logger.rb:26:in `block in call'
activesupport (6.1.3) lib/active_support/tagged_logging.rb:99:in `block in tagged'
activesupport (6.1.3) lib/active_support/tagged_logging.rb:37:in `tagged'
activesupport (6.1.3) lib/active_support/tagged_logging.rb:99:in `tagged'
railties (6.1.3) lib/rails/rack/logger.rb:26:in `call'
sprockets-rails (3.2.2) lib/sprockets/rails/quiet_assets.rb:13:in `call'
actionpack (6.1.3) lib/action_dispatch/middleware/remote_ip.rb:81:in `call'
actionpack (6.1.3) lib/action_dispatch/middleware/request_id.rb:26:in `call'
rack (2.2.3) lib/rack/method_override.rb:24:in `call'
rack (2.2.3) lib/rack/runtime.rb:22:in `call'
activesupport (6.1.3) lib/active_support/cache/strategy/local_cache_middleware.rb:29:in `call'
actionpack (6.1.3) lib/action_dispatch/middleware/executor.rb:14:in `call'
actionpack (6.1.3) lib/action_dispatch/middleware/static.rb:24:in `call'
rack (2.2.3) lib/rack/sendfile.rb:110:in `call'
actionpack (6.1.3) lib/action_dispatch/middleware/host_authorization.rb:98:in `call'
rack-mini-profiler (2.3.1) lib/mini_profiler/profiler.rb:373:in `call'
webpacker (5.2.1) lib/webpacker/dev_server_proxy.rb:25:in `perform_request'
rack-proxy (0.6.5) lib/rack/proxy.rb:57:in `call'
railties (6.1.3) lib/rails/engine.rb:539:in `call'
puma (5.2.1) lib/puma/configuration.rb:247:in `call'
puma (5.2.1) lib/puma/request.rb:76:in `block in handle_request'
puma (5.2.1) lib/puma/thread_pool.rb:337:in `with_force_shutdown'
puma (5.2.1) lib/puma/request.rb:75:in `handle_request'
puma (5.2.1) lib/puma/server.rb:431:in `process_client'
puma (5.2.1) lib/puma/thread_pool.rb:145:in `block in spawn_thread'
Started POST "/rails/actions" for 127.0.0.1 at 2021-03-02 11:12:44 -0400
  [1m[35m (0.2ms)[0m  [1m[34mSELECT "schema_migrations"."version" FROM "schema_migrations" ORDER BY "schema_migrations"."version" ASC[0m
Migrating to CreateUsers (20210301143926)
  [1m[36mTRANSACTION (0.1ms)[0m  [1m[36mbegin transaction[0m
  [1m[35m (1.3ms)[0m  [1m[35mCREATE TABLE "users" ("id" integer PRIMARY KEY AUTOINCREMENT NOT NULL, "username" varchar, "email" varchar, "password" varchar, "created_at" datetime(6) NOT NULL, "updated_at" datetime(6) NOT NULL)[0m
  [1m[36mTRANSACTION (0.1ms)[0m  [1m[31mrollback transaction[0m
  
StandardError (An error has occurred, this and all later migrations canceled:

SQLite3::SQLException: table "users" already exists):
  
sqlite3 (1.4.2) lib/sqlite3/database.rb:147:in `initialize'
sqlite3 (1.4.2) lib/sqlite3/database.rb:147:in `new'
sqlite3 (1.4.2) lib/sqlite3/database.rb:147:in `prepare'
sqlite3 (1.4.2) lib/sqlite3/database.rb:193:in `execute'
activerecord (6.1.3) lib/active_record/connection_adapters/sqlite3/database_statements.rb:31:in `block (2 levels) in execute'
activesupport (6.1.3) lib/active_support/dependencies/interlock.rb:48:in `block in permit_concurrent_loads'
activesupport (6.1.3) lib/active_support/concurrency/share_lock.rb:187:in `yield_shares'
activesupport (6.1.3) lib/active_support/dependencies/interlock.rb:47:in `permit_concurrent_loads'
activerecord (6.1.3) lib/active_record/connection_adapters/sqlite3/database_statements.rb:30:in `block in execute'
activerecord (6.1.3) lib/active_record/connection_adapters/abstract_adapter.rb:696:in `block (2 levels) in log'
activesupport (6.1.3) lib/active_support/concurrency/load_interlock_aware_monitor.rb:26:in `block (2 levels) in synchronize'
activesupport (6.1.3) lib/active_support/concurrency/load_interlock_aware_monitor.rb:25:in `handle_interrupt'
activesupport (6.1.3) lib/active_support/concurrency/load_interlock_aware_monitor.rb:25:in `block in synchronize'
activesupport (6.1.3) lib/active_support/concurrency/load_interlock_aware_monitor.rb:21:in `handle_interrupt'
activesupport (6.1.3) lib/active_support/concurrency/load_interlock_aware_monitor.rb:21:in `synchronize'
activerecord (6.1.3) lib/active_record/connection_adapters/abstract_adapter.rb:695:in `block in log'
activesupport (6.1.3) lib/active_support/notifications/instrumenter.rb:24:in `instrument'
activerecord (6.1.3) lib/active_record/connection_adapters/abstract_adapter.rb:687:in `log'
activerecord (6.1.3) lib/active_record/connection_adapters/sqlite3/database_statements.rb:29:in `execute'
activerecord (6.1.3) lib/active_record/connection_adapters/abstract/schema_statements.rb:322:in `create_table'
activerecord (6.1.3) lib/active_record/migration.rb:929:in `block in method_missing'
activerecord (6.1.3) lib/active_record/migration.rb:897:in `block in say_with_time'
/home/franklin/.rbenv/versions/3.0.0/lib/ruby/3.0.0/benchmark.rb:293:in `measure'
activerecord (6.1.3) lib/active_record/migration.rb:897:in `say_with_time'
activerecord (6.1.3) lib/active_record/migration.rb:918:in `method_missing'
db/migrate/20210301143926_create_users.rb:4:in `change'
activerecord (6.1.3) lib/active_record/migration.rb:867:in `exec_migration'
activerecord (6.1.3) lib/active_record/migration.rb:851:in `block (2 levels) in migrate'
/home/franklin/.rbenv/versions/3.0.0/lib/ruby/3.0.0/benchmark.rb:293:in `measure'
activerecord (6.1.3) lib/active_record/migration.rb:850:in `block in migrate'
activerecord (6.1.3) lib/active_record/connection_adapters/abstract/connection_pool.rb:462:in `with_connection'
activerecord (6.1.3) lib/active_record/migration.rb:849:in `migrate'
activerecord (6.1.3) lib/active_record/migration.rb:1037:in `migrate'
activerecord (6.1.3) lib/active_record/migration.rb:1329:in `block in execute_migration_in_transaction'
activerecord (6.1.3) lib/active_record/migration.rb:1380:in `block in ddl_transaction'
activerecord (6.1.3) lib/active_record/connection_adapters/abstract/database_statements.rb:320:in `block in transaction'
activerecord (6.1.3) lib/active_record/connection_adapters/abstract/transaction.rb:310:in `block in within_new_transaction'
activesupport (6.1.3) lib/active_support/concurrency/load_interlock_aware_monitor.rb:26:in `block (2 levels) in synchronize'
activesupport (6.1.3) lib/active_support/concurrency/load_interlock_aware_monitor.rb:25:in `handle_interrupt'
activesupport (6.1.3) lib/active_support/concurrency/load_interlock_aware_monitor.rb:25:in `block in synchronize'
activesupport (6.1.3) lib/active_support/concurrency/load_interlock_aware_monitor.rb:21:in `handle_interrupt'
activesupport (6.1.3) lib/active_support/concurrency/load_interlock_aware_monitor.rb:21:in `synchronize'
activerecord (6.1.3) lib/active_record/connection_adapters/abstract/transaction.rb:308:in `within_new_transaction'
activerecord (6.1.3) lib/active_record/connection_adapters/abstract/database_statements.rb:320:in `transaction'
activerecord (6.1.3) lib/active_record/transactions.rb:209:in `transaction'
activerecord (6.1.3) lib/active_record/migration.rb:1380:in `ddl_transaction'
activerecord (6.1.3) lib/active_record/migration.rb:1328:in `execute_migration_in_transaction'
activerecord (6.1.3) lib/active_record/migration.rb:1302:in `each'
activerecord (6.1.3) lib/active_record/migration.rb:1302:in `migrate_without_lock'
activerecord (6.1.3) lib/active_record/migration.rb:1253:in `migrate'
activerecord (6.1.3) lib/active_record/migration.rb:1086:in `up'
activerecord (6.1.3) lib/active_record/migration.rb:1061:in `migrate'
activerecord (6.1.3) lib/active_record/tasks/database_tasks.rb:237:in `migrate'
activerecord (6.1.3) lib/active_record/migration.rb:137:in `block in <class:PendingMigrationError>'
activesupport (6.1.3) lib/active_support/actionable_error.rb:28:in `dispatch'
actionpack (6.1.3) lib/action_dispatch/middleware/actionable_exceptions.rb:20:in `call'
actionpack (6.1.3) lib/action_dispatch/middleware/debug_exceptions.rb:29:in `call'
web-console (4.1.0) lib/web_console/middleware.rb:132:in `call_app'
web-console (4.1.0) lib/web_console/middleware.rb:28:in `block in call'
web-console (4.1.0) lib/web_console/middleware.rb:17:in `catch'
web-console (4.1.0) lib/web_console/middleware.rb:17:in `call'
actionpack (6.1.3) lib/action_dispatch/middleware/show_exceptions.rb:33:in `call'
railties (6.1.3) lib/rails/rack/logger.rb:37:in `call_app'
railties (6.1.3) lib/rails/rack/logger.rb:26:in `block in call'
activesupport (6.1.3) lib/active_support/tagged_logging.rb:99:in `block in tagged'
activesupport (6.1.3) lib/active_support/tagged_logging.rb:37:in `tagged'
activesupport (6.1.3) lib/active_support/tagged_logging.rb:99:in `tagged'
railties (6.1.3) lib/rails/rack/logger.rb:26:in `call'
sprockets-rails (3.2.2) lib/sprockets/rails/quiet_assets.rb:13:in `call'
actionpack (6.1.3) lib/action_dispatch/middleware/remote_ip.rb:81:in `call'
actionpack (6.1.3) lib/action_dispatch/middleware/request_id.rb:26:in `call'
rack (2.2.3) lib/rack/method_override.rb:24:in `call'
rack (2.2.3) lib/rack/runtime.rb:22:in `call'
activesupport (6.1.3) lib/active_support/cache/strategy/local_cache_middleware.rb:29:in `call'
actionpack (6.1.3) lib/action_dispatch/middleware/executor.rb:14:in `call'
actionpack (6.1.3) lib/action_dispatch/middleware/static.rb:24:in `call'
rack (2.2.3) lib/rack/sendfile.rb:110:in `call'
actionpack (6.1.3) lib/action_dispatch/middleware/host_authorization.rb:98:in `call'
rack-mini-profiler (2.3.1) lib/mini_profiler/profiler.rb:373:in `call'
webpacker (5.2.1) lib/webpacker/dev_server_proxy.rb:25:in `perform_request'
rack-proxy (0.6.5) lib/rack/proxy.rb:57:in `call'
railties (6.1.3) lib/rails/engine.rb:539:in `call'
puma (5.2.1) lib/puma/configuration.rb:247:in `call'
puma (5.2.1) lib/puma/request.rb:76:in `block in handle_request'
puma (5.2.1) lib/puma/thread_pool.rb:337:in `with_force_shutdown'
puma (5.2.1) lib/puma/request.rb:75:in `handle_request'
puma (5.2.1) lib/puma/server.rb:431:in `process_client'
puma (5.2.1) lib/puma/thread_pool.rb:145:in `block in spawn_thread'
  [1m[35m (1.5ms)[0m  [1m[34mSELECT sqlite_version(*)[0m
  [1m[35m (0.4ms)[0m  [1m[34mSELECT "schema_migrations"."version" FROM "schema_migrations" ORDER BY "schema_migrations"."version" ASC[0m
Migrating to CreateUsers (20210301143926)
  [1m[36mTRANSACTION (0.1ms)[0m  [1m[36mbegin transaction[0m
  [1m[35m (1.0ms)[0m  [1m[35mCREATE TABLE "users" ("id" integer PRIMARY KEY AUTOINCREMENT NOT NULL, "username" varchar, "email" varchar, "password" varchar, "created_at" datetime(6) NOT NULL, "updated_at" datetime(6) NOT NULL)[0m
  [1m[36mTRANSACTION (0.1ms)[0m  [1m[31mrollback transaction[0m
  [1m[35m (1.1ms)[0m  [1m[34mSELECT sqlite_version(*)[0m
  [1m[35m (0.3ms)[0m  [1m[34mSELECT "schema_migrations"."version" FROM "schema_migrations" ORDER BY "schema_migrations"."version" ASC[0m
  [1m[35m (0.2ms)[0m  [1m[34mSELECT "schema_migrations"."version" FROM "schema_migrations" ORDER BY "schema_migrations"."version" ASC[0m
  [1m[35m (0.2ms)[0m  [1m[34mSELECT "schema_migrations"."version" FROM "schema_migrations" ORDER BY "schema_migrations"."version" ASC[0m
  [1m[35m (1.1ms)[0m  [1m[34mSELECT sqlite_version(*)[0m
  [1m[35m (20.4ms)[0m  [1m[35mDROP TABLE "users"[0m
  [1m[35m (0.9ms)[0m  [1m[34mSELECT sqlite_version(*)[0m
  [1m[35m (0.4ms)[0m  [1m[34mSELECT "schema_migrations"."version" FROM "schema_migrations" ORDER BY "schema_migrations"."version" ASC[0m
Migrating to CreateUsers (20210301143926)
  [1m[36mTRANSACTION (0.1ms)[0m  [1m[36mbegin transaction[0m
  [1m[35m (0.8ms)[0m  [1m[35mCREATE TABLE "users" ("id" integer PRIMARY KEY AUTOINCREMENT NOT NULL, "username" varchar, "email" varchar, "password" varchar, "created_at" datetime(6) NOT NULL, "updated_at" datetime(6) NOT NULL)[0m
  [1m[36mActiveRecord::SchemaMigration Create (3.5ms)[0m  [1m[32mINSERT INTO "schema_migrations" ("version") VALUES (?)[0m  [["version", "20210301143926"]]
  [1m[36mTRANSACTION (10.9ms)[0m  [1m[36mcommit transaction[0m
  [1m[36mActiveRecord::InternalMetadata Load (1.6ms)[0m  [1m[34mSELECT "ar_internal_metadata".* FROM "ar_internal_metadata" WHERE "ar_internal_metadata"."key" = ? LIMIT ?[0m  [["key", "environment"], ["LIMIT", 1]]
  [1m[35m (0.1ms)[0m  [1m[34mSELECT sqlite_version(*)[0m
  [1m[35m (0.3ms)[0m  [1m[34mSELECT "schema_migrations"."version" FROM "schema_migrations" ORDER BY "schema_migrations"."version" ASC[0m
Started GET "/" for 127.0.0.1 at 2021-03-02 11:25:24 -0400
  [1m[35m (1.8ms)[0m  [1m[34mSELECT sqlite_version(*)[0m
  [1m[35m (0.3ms)[0m  [1m[34mSELECT "schema_migrations"."version" FROM "schema_migrations" ORDER BY "schema_migrations"."version" ASC[0m
Processing by Rails::WelcomeController#index as HTML
  Rendering /home/franklin/.rbenv/versions/3.0.0/lib/ruby/gems/3.0.0/gems/railties-6.1.3/lib/rails/templates/rails/welcome/index.html.erb
  Rendered /home/franklin/.rbenv/versions/3.0.0/lib/ruby/gems/3.0.0/gems/railties-6.1.3/lib/rails/templates/rails/welcome/index.html.erb (Duration: 21.5ms | Allocations: 418)
Completed 200 OK in 55ms (Views: 29.7ms | ActiveRecord: 0.0ms | Allocations: 3082)


Started GET "/users/new" for 127.0.0.1 at 2021-03-02 11:25:37 -0400
Processing by UsersController#new as HTML
  Rendering layout layouts/application.html.erb
  Rendering users/new.html.erb within layouts/application
  Rendered users/new.html.erb within layouts/application (Duration: 7.2ms | Allocations: 1405)
  Rendered layout layouts/application.html.erb (Duration: 12.9ms | Allocations: 1478)
Completed 500 Internal Server Error in 49ms (ActiveRecord: 1.0ms | Allocations: 6824)


  
ActionView::SyntaxErrorInTemplate (Encountered a syntax error while rendering template: check <%render(:partial => 'form', :locals => (:form => form))%>
):
1:    <%render(:partial => 'form', :locals => (:form => form))%>
  
app/views/users/new.html.erb:1: void value expression
app/views/users/new.html.erb:1: void value expression
app/views/users/new.html.erb:1: void value expression
app/views/users/new.html.erb:1: void value expression
app/views/users/new.html.erb:1: void value expression
app/views/users/new.html.erb:1: void value expression
Started GET "/users/new" for 127.0.0.1 at 2021-03-02 11:27:19 -0400
Processing by UsersController#new as HTML
  Rendering layout layouts/application.html.erb
  Rendering users/new.html.erb within layouts/application
  Rendered users/_form.html.erb (Duration: 33.4ms | Allocations: 6022)
  Rendered users/new.html.erb within layouts/application (Duration: 34.6ms | Allocations: 6322)
[Webpacker] Compiling...
[Webpacker] Compiled all packs in /home/franklin/Desktop/Rails/re-former/public/packs
[Webpacker] Hash: e332c6419728fac579d5
Version: webpack 4.46.0
Time: 2422ms
Built at: 03/02/2021 11:27:25 AM
                                     Asset       Size       Chunks                         Chunk Names
    js/application-f826770d917d8a37c1d8.js    125 KiB  application  [emitted] [immutable]  application
js/application-f826770d917d8a37c1d8.js.map    139 KiB  application  [emitted] [dev]        application
                             manifest.json  364 bytes               [emitted]              
Entrypoint application = js/application-f826770d917d8a37c1d8.js js/application-f826770d917d8a37c1d8.js.map
[./app/javascript/channels sync recursive _channel\.js$] ./app/javascript/channels sync _channel\.js$ 160 bytes {application} [built]
[./app/javascript/channels/index.js] 211 bytes {application} [built]
[./app/javascript/packs/application.js] 492 bytes {application} [built]
[./node_modules/webpack/buildin/module.js] (webpack)/buildin/module.js 552 bytes {application} [built]
    + 3 hidden modules

  Rendered layout layouts/application.html.erb (Duration: 6193.5ms | Allocations: 12810)
Completed 200 OK in 6203ms (Views: 6195.9ms | ActiveRecord: 0.0ms | Allocations: 13991)


